{"/app/src/ai/controllers/assistant.controller.ts": {"path":"/app/src/ai/controllers/assistant.controller.ts","statementMap":{"0":{"start":{"line":6,"column":13},"end":{"line":20,"column":null}},"1":{"start":{"line":7,"column":19},"end":{"line":7,"column":null}},"2":{"start":{"line":8,"column":4},"end":{"line":9,"column":null}},"3":{"start":{"line":9,"column":8},"end":{"line":9,"column":null}},"4":{"start":{"line":12,"column":24},"end":{"line":12,"column":null}},"5":{"start":{"line":14,"column":4},"end":{"line":15,"column":null}},"6":{"start":{"line":15,"column":8},"end":{"line":15,"column":null}},"7":{"start":{"line":18,"column":19},"end":{"line":18,"column":63}},"8":{"start":{"line":19,"column":4},"end":{"line":19,"column":null}}},"fnMap":{"0":{"name":"(anonymous_0)","decl":{"start":{"line":6,"column":49},"end":{"line":6,"column":56}},"loc":{"start":{"line":6,"column":92},"end":{"line":20,"column":null}},"line":6}},"branchMap":{"0":{"loc":{"start":{"line":8,"column":4},"end":{"line":9,"column":null}},"type":"if","locations":[{"start":{"line":8,"column":4},"end":{"line":9,"column":null}},{"start":{},"end":{}}],"line":8},"1":{"loc":{"start":{"line":14,"column":4},"end":{"line":15,"column":null}},"type":"if","locations":[{"start":{"line":14,"column":4},"end":{"line":15,"column":null}},{"start":{},"end":{}}],"line":14}},"s":{"0":1,"1":1,"2":1,"3":0,"4":1,"5":1,"6":0,"7":1,"8":1},"f":{"0":1},"b":{"0":[0,1],"1":[0,1]},"meta":{"lastBranch":2,"lastFunction":1,"lastStatement":9,"seen":{"s:6:13:20:Infinity":0,"f:6:49:6:56":0,"s:7:19:7:Infinity":1,"b:8:4:9:Infinity:undefined:undefined:undefined:undefined":0,"s:8:4:9:Infinity":2,"s:9:8:9:Infinity":3,"s:12:24:12:Infinity":4,"b:14:4:15:Infinity:undefined:undefined:undefined:undefined":1,"s:14:4:15:Infinity":5,"s:15:8:15:Infinity":6,"s:18:19:18:63":7,"s:19:4:19:Infinity":8}}}
,"/app/src/ai/controllers/budget.controller.ts": {"path":"/app/src/ai/controllers/budget.controller.ts","statementMap":{"0":{"start":{"line":6,"column":13},"end":{"line":13,"column":null}},"1":{"start":{"line":7,"column":4},"end":{"line":8,"column":null}},"2":{"start":{"line":8,"column":8},"end":{"line":8,"column":null}},"3":{"start":{"line":11,"column":19},"end":{"line":11,"column":54}},"4":{"start":{"line":12,"column":4},"end":{"line":12,"column":null}},"5":{"start":{"line":15,"column":13},"end":{"line":28,"column":null}},"6":{"start":{"line":16,"column":4},"end":{"line":17,"column":null}},"7":{"start":{"line":17,"column":8},"end":{"line":17,"column":null}},"8":{"start":{"line":20,"column":33},"end":{"line":20,"column":null}},"9":{"start":{"line":22,"column":4},"end":{"line":23,"column":null}},"10":{"start":{"line":23,"column":8},"end":{"line":23,"column":null}},"11":{"start":{"line":26,"column":21},"end":{"line":26,"column":74}},"12":{"start":{"line":27,"column":4},"end":{"line":27,"column":null}}},"fnMap":{"0":{"name":"(anonymous_0)","decl":{"start":{"line":6,"column":55},"end":{"line":6,"column":62}},"loc":{"start":{"line":6,"column":98},"end":{"line":13,"column":null}},"line":6},"1":{"name":"(anonymous_1)","decl":{"start":{"line":15,"column":56},"end":{"line":15,"column":63}},"loc":{"start":{"line":15,"column":99},"end":{"line":28,"column":null}},"line":15}},"branchMap":{"0":{"loc":{"start":{"line":7,"column":4},"end":{"line":8,"column":null}},"type":"if","locations":[{"start":{"line":7,"column":4},"end":{"line":8,"column":null}},{"start":{},"end":{}}],"line":7},"1":{"loc":{"start":{"line":16,"column":4},"end":{"line":17,"column":null}},"type":"if","locations":[{"start":{"line":16,"column":4},"end":{"line":17,"column":null}},{"start":{},"end":{}}],"line":16},"2":{"loc":{"start":{"line":22,"column":4},"end":{"line":23,"column":null}},"type":"if","locations":[{"start":{"line":22,"column":4},"end":{"line":23,"column":null}},{"start":{},"end":{}}],"line":22}},"s":{"0":1,"1":0,"2":0,"3":0,"4":0,"5":1,"6":0,"7":0,"8":0,"9":0,"10":0,"11":0,"12":0},"f":{"0":0,"1":0},"b":{"0":[0,0],"1":[0,0],"2":[0,0]},"meta":{"lastBranch":3,"lastFunction":2,"lastStatement":13,"seen":{"s:6:13:13:Infinity":0,"f:6:55:6:62":0,"b:7:4:8:Infinity:undefined:undefined:undefined:undefined":0,"s:7:4:8:Infinity":1,"s:8:8:8:Infinity":2,"s:11:19:11:54":3,"s:12:4:12:Infinity":4,"s:15:13:28:Infinity":5,"f:15:56:15:63":1,"b:16:4:17:Infinity:undefined:undefined:undefined:undefined":1,"s:16:4:17:Infinity":6,"s:17:8:17:Infinity":7,"s:20:33:20:Infinity":8,"b:22:4:23:Infinity:undefined:undefined:undefined:undefined":2,"s:22:4:23:Infinity":9,"s:23:8:23:Infinity":10,"s:26:21:26:74":11,"s:27:4:27:Infinity":12}}}
,"/app/src/ai/controllers/goal.controller.ts": {"path":"/app/src/ai/controllers/goal.controller.ts","statementMap":{"0":{"start":{"line":6,"column":13},"end":{"line":25,"column":null}},"1":{"start":{"line":7,"column":4},"end":{"line":8,"column":null}},"2":{"start":{"line":8,"column":8},"end":{"line":8,"column":null}},"3":{"start":{"line":11,"column":54},"end":{"line":11,"column":null}},"4":{"start":{"line":13,"column":4},"end":{"line":14,"column":null}},"5":{"start":{"line":14,"column":8},"end":{"line":14,"column":null}},"6":{"start":{"line":17,"column":19},"end":{"line":22,"column":6}},"7":{"start":{"line":24,"column":4},"end":{"line":24,"column":null}}},"fnMap":{"0":{"name":"(anonymous_0)","decl":{"start":{"line":6,"column":58},"end":{"line":6,"column":65}},"loc":{"start":{"line":6,"column":101},"end":{"line":25,"column":null}},"line":6}},"branchMap":{"0":{"loc":{"start":{"line":7,"column":4},"end":{"line":8,"column":null}},"type":"if","locations":[{"start":{"line":7,"column":4},"end":{"line":8,"column":null}},{"start":{},"end":{}}],"line":7},"1":{"loc":{"start":{"line":13,"column":4},"end":{"line":14,"column":null}},"type":"if","locations":[{"start":{"line":13,"column":4},"end":{"line":14,"column":null}},{"start":{},"end":{}}],"line":13},"2":{"loc":{"start":{"line":13,"column":8},"end":{"line":13,"column":42}},"type":"binary-expr","locations":[{"start":{"line":13,"column":8},"end":{"line":13,"column":28}},{"start":{"line":13,"column":28},"end":{"line":13,"column":42}}],"line":13}},"s":{"0":1,"1":0,"2":0,"3":0,"4":0,"5":0,"6":0,"7":0},"f":{"0":0},"b":{"0":[0,0],"1":[0,0],"2":[0,0]},"meta":{"lastBranch":3,"lastFunction":1,"lastStatement":8,"seen":{"s:6:13:25:Infinity":0,"f:6:58:6:65":0,"b:7:4:8:Infinity:undefined:undefined:undefined:undefined":0,"s:7:4:8:Infinity":1,"s:8:8:8:Infinity":2,"s:11:54:11:Infinity":3,"b:13:4:14:Infinity:undefined:undefined:undefined:undefined":1,"s:13:4:14:Infinity":4,"b:13:8:13:28:13:28:13:42":2,"s:14:8:14:Infinity":5,"s:17:19:22:6":6,"s:24:4:24:Infinity":7}}}
,"/app/src/ai/controllers/planned_event.controller.ts": {"path":"/app/src/ai/controllers/planned_event.controller.ts","statementMap":{"0":{"start":{"line":6,"column":13},"end":{"line":14,"column":null}},"1":{"start":{"line":7,"column":19},"end":{"line":7,"column":null}},"2":{"start":{"line":8,"column":4},"end":{"line":9,"column":null}},"3":{"start":{"line":9,"column":8},"end":{"line":9,"column":null}},"4":{"start":{"line":12,"column":19},"end":{"line":12,"column":59}},"5":{"start":{"line":13,"column":4},"end":{"line":13,"column":null}}},"fnMap":{"0":{"name":"(anonymous_0)","decl":{"start":{"line":6,"column":60},"end":{"line":6,"column":67}},"loc":{"start":{"line":6,"column":103},"end":{"line":14,"column":null}},"line":6}},"branchMap":{"0":{"loc":{"start":{"line":8,"column":4},"end":{"line":9,"column":null}},"type":"if","locations":[{"start":{"line":8,"column":4},"end":{"line":9,"column":null}},{"start":{},"end":{}}],"line":8}},"s":{"0":1,"1":1,"2":1,"3":0,"4":1,"5":1},"f":{"0":1},"b":{"0":[0,1]},"meta":{"lastBranch":1,"lastFunction":1,"lastStatement":6,"seen":{"s:6:13:14:Infinity":0,"f:6:60:6:67":0,"s:7:19:7:Infinity":1,"b:8:4:9:Infinity:undefined:undefined:undefined:undefined":0,"s:8:4:9:Infinity":2,"s:9:8:9:Infinity":3,"s:12:19:12:59":4,"s:13:4:13:Infinity":5}}}
,"/app/src/ai/controllers/predictive.controller.ts": {"path":"/app/src/ai/controllers/predictive.controller.ts","statementMap":{"0":{"start":{"line":6,"column":13},"end":{"line":14,"column":null}},"1":{"start":{"line":7,"column":19},"end":{"line":7,"column":null}},"2":{"start":{"line":8,"column":4},"end":{"line":9,"column":null}},"3":{"start":{"line":9,"column":8},"end":{"line":9,"column":null}},"4":{"start":{"line":12,"column":19},"end":{"line":12,"column":59}},"5":{"start":{"line":13,"column":4},"end":{"line":13,"column":null}}},"fnMap":{"0":{"name":"(anonymous_0)","decl":{"start":{"line":6,"column":60},"end":{"line":6,"column":67}},"loc":{"start":{"line":6,"column":103},"end":{"line":14,"column":null}},"line":6}},"branchMap":{"0":{"loc":{"start":{"line":8,"column":4},"end":{"line":9,"column":null}},"type":"if","locations":[{"start":{"line":8,"column":4},"end":{"line":9,"column":null}},{"start":{},"end":{}}],"line":8}},"s":{"0":1,"1":1,"2":1,"3":0,"4":1,"5":1},"f":{"0":1},"b":{"0":[0,1]},"meta":{"lastBranch":1,"lastFunction":1,"lastStatement":6,"seen":{"s:6:13:14:Infinity":0,"f:6:60:6:67":0,"s:7:19:7:Infinity":1,"b:8:4:9:Infinity:undefined:undefined:undefined:undefined":0,"s:8:4:9:Infinity":2,"s:9:8:9:Infinity":3,"s:12:19:12:59":4,"s:13:4:13:Infinity":5}}}
,"/app/src/ai/controllers/report.controller.ts": {"path":"/app/src/ai/controllers/report.controller.ts","statementMap":{"0":{"start":{"line":6,"column":13},"end":{"line":20,"column":null}},"1":{"start":{"line":7,"column":19},"end":{"line":7,"column":null}},"2":{"start":{"line":8,"column":4},"end":{"line":9,"column":null}},"3":{"start":{"line":9,"column":8},"end":{"line":9,"column":null}},"4":{"start":{"line":12,"column":36},"end":{"line":12,"column":null}},"5":{"start":{"line":14,"column":4},"end":{"line":15,"column":null}},"6":{"start":{"line":15,"column":8},"end":{"line":15,"column":null}},"7":{"start":{"line":18,"column":19},"end":{"line":18,"column":75}},"8":{"start":{"line":19,"column":4},"end":{"line":19,"column":null}}},"fnMap":{"0":{"name":"(anonymous_0)","decl":{"start":{"line":6,"column":45},"end":{"line":6,"column":52}},"loc":{"start":{"line":6,"column":88},"end":{"line":20,"column":null}},"line":6}},"branchMap":{"0":{"loc":{"start":{"line":8,"column":4},"end":{"line":9,"column":null}},"type":"if","locations":[{"start":{"line":8,"column":4},"end":{"line":9,"column":null}},{"start":{},"end":{}}],"line":8},"1":{"loc":{"start":{"line":14,"column":4},"end":{"line":15,"column":null}},"type":"if","locations":[{"start":{"line":14,"column":4},"end":{"line":15,"column":null}},{"start":{},"end":{}}],"line":14},"2":{"loc":{"start":{"line":18,"column":61},"end":{"line":18,"column":74}},"type":"binary-expr","locations":[{"start":{"line":18,"column":61},"end":{"line":18,"column":72}},{"start":{"line":18,"column":72},"end":{"line":18,"column":74}}],"line":18}},"s":{"0":1,"1":1,"2":1,"3":0,"4":1,"5":1,"6":0,"7":1,"8":1},"f":{"0":1},"b":{"0":[0,1],"1":[0,1],"2":[1,1]},"meta":{"lastBranch":3,"lastFunction":1,"lastStatement":9,"seen":{"s:6:13:20:Infinity":0,"f:6:45:6:52":0,"s:7:19:7:Infinity":1,"b:8:4:9:Infinity:undefined:undefined:undefined:undefined":0,"s:8:4:9:Infinity":2,"s:9:8:9:Infinity":3,"s:12:36:12:Infinity":4,"b:14:4:15:Infinity:undefined:undefined:undefined:undefined":1,"s:14:4:15:Infinity":5,"s:15:8:15:Infinity":6,"s:18:19:18:75":7,"b:18:61:18:72:18:72:18:74":2,"s:19:4:19:Infinity":8}}}
,"/app/src/ai/controllers/transaction.controller.ts": {"path":"/app/src/ai/controllers/transaction.controller.ts","statementMap":{"0":{"start":{"line":6,"column":13},"end":{"line":14,"column":null}},"1":{"start":{"line":7,"column":19},"end":{"line":7,"column":null}},"2":{"start":{"line":8,"column":4},"end":{"line":9,"column":null}},"3":{"start":{"line":9,"column":8},"end":{"line":9,"column":null}},"4":{"start":{"line":11,"column":25},"end":{"line":11,"column":null}},"5":{"start":{"line":12,"column":19},"end":{"line":12,"column":72}},"6":{"start":{"line":13,"column":4},"end":{"line":13,"column":null}}},"fnMap":{"0":{"name":"(anonymous_0)","decl":{"start":{"line":6,"column":48},"end":{"line":6,"column":55}},"loc":{"start":{"line":6,"column":91},"end":{"line":14,"column":null}},"line":6}},"branchMap":{"0":{"loc":{"start":{"line":8,"column":4},"end":{"line":9,"column":null}},"type":"if","locations":[{"start":{"line":8,"column":4},"end":{"line":9,"column":null}},{"start":{},"end":{}}],"line":8}},"s":{"0":1,"1":0,"2":0,"3":0,"4":0,"5":0,"6":0},"f":{"0":0},"b":{"0":[0,0]},"meta":{"lastBranch":1,"lastFunction":1,"lastStatement":7,"seen":{"s:6:13:14:Infinity":0,"f:6:48:6:55":0,"s:7:19:7:Infinity":1,"b:8:4:9:Infinity:undefined:undefined:undefined:undefined":0,"s:8:4:9:Infinity":2,"s:9:8:9:Infinity":3,"s:11:25:11:Infinity":4,"s:12:19:12:72":5,"s:13:4:13:Infinity":6}}}
,"/app/src/ai/routes/ai.route.ts": {"path":"/app/src/ai/routes/ai.route.ts","statementMap":{"0":{"start":{"line":12,"column":6},"end":{"line":12,"column":23}},"1":{"start":{"line":14,"column":6},"end":{"line":14,"column":34}},"2":{"start":{"line":15,"column":6},"end":{"line":15,"column":27}},"3":{"start":{"line":16,"column":6},"end":{"line":16,"column":29}},"4":{"start":{"line":17,"column":6},"end":{"line":17,"column":29}},"5":{"start":{"line":18,"column":6},"end":{"line":18,"column":35}},"6":{"start":{"line":19,"column":6},"end":{"line":19,"column":33}},"7":{"start":{"line":21,"column":0},"end":{"line":21,"column":null}},"8":{"start":{"line":23,"column":0},"end":{"line":23,"column":null}},"9":{"start":{"line":25,"column":0},"end":{"line":25,"column":null}},"10":{"start":{"line":26,"column":0},"end":{"line":26,"column":null}},"11":{"start":{"line":28,"column":0},"end":{"line":28,"column":null}},"12":{"start":{"line":30,"column":0},"end":{"line":30,"column":null}},"13":{"start":{"line":32,"column":0},"end":{"line":32,"column":null}},"14":{"start":{"line":34,"column":0},"end":{"line":34,"column":null}},"15":{"start":{"line":36,"column":0},"end":{"line":36,"column":null}},"16":{"start":{"line":37,"column":0},"end":{"line":37,"column":null}},"17":{"start":{"line":38,"column":0},"end":{"line":38,"column":null}},"18":{"start":{"line":39,"column":0},"end":{"line":39,"column":null}},"19":{"start":{"line":40,"column":0},"end":{"line":40,"column":null}},"20":{"start":{"line":41,"column":0},"end":{"line":41,"column":null}}},"fnMap":{},"branchMap":{},"s":{"0":1,"1":1,"2":1,"3":1,"4":1,"5":1,"6":1,"7":1,"8":1,"9":1,"10":1,"11":1,"12":1,"13":1,"14":1,"15":1,"16":1,"17":1,"18":1,"19":1,"20":1},"f":{},"b":{},"meta":{"lastBranch":0,"lastFunction":0,"lastStatement":21,"seen":{"s:12:6:12:23":0,"s:14:6:14:34":1,"s:15:6:15:27":2,"s:16:6:16:29":3,"s:17:6:17:29":4,"s:18:6:18:35":5,"s:19:6:19:33":6,"s:21:0:21:Infinity":7,"s:23:0:23:Infinity":8,"s:25:0:25:Infinity":9,"s:26:0:26:Infinity":10,"s:28:0:28:Infinity":11,"s:30:0:30:Infinity":12,"s:32:0:32:Infinity":13,"s:34:0:34:Infinity":14,"s:36:0:36:Infinity":15,"s:37:0:37:Infinity":16,"s:38:0:38:Infinity":17,"s:39:0:39:Infinity":18,"s:40:0:40:Infinity":19,"s:41:0:41:Infinity":20}}}
,"/app/src/ai/services/assistant.service.ts": {"path":"/app/src/ai/services/assistant.service.ts","statementMap":{"0":{"start":{"line":13,"column":37},"end":{"line":105,"column":null}},"1":{"start":{"line":16,"column":27},"end":{"line":20,"column":6}},"2":{"start":{"line":23,"column":27},"end":{"line":23,"column":160}},"3":{"start":{"line":23,"column":63},"end":{"line":23,"column":149}},"4":{"start":{"line":25,"column":19},"end":{"line":34,"column":null}},"5":{"start":{"line":54,"column":4},"end":{"line":105,"column":null}},"6":{"start":{"line":55,"column":29},"end":{"line":55,"column":61}},"7":{"start":{"line":56,"column":14},"end":{"line":56,"column":62}},"8":{"start":{"line":58,"column":8},"end":{"line":59,"column":null}},"9":{"start":{"line":59,"column":13},"end":{"line":59,"column":null}},"10":{"start":{"line":62,"column":23},"end":{"line":62,"column":null}},"11":{"start":{"line":66,"column":8},"end":{"line":83,"column":null}},"12":{"start":{"line":67,"column":13},"end":{"line":67,"column":null}},"13":{"start":{"line":68,"column":19},"end":{"line":83,"column":null}},"14":{"start":{"line":69,"column":13},"end":{"line":69,"column":null}},"15":{"start":{"line":70,"column":19},"end":{"line":83,"column":null}},"16":{"start":{"line":73,"column":13},"end":{"line":78,"column":null}},"17":{"start":{"line":77,"column":51},"end":{"line":77,"column":null}},"18":{"start":{"line":79,"column":19},"end":{"line":83,"column":null}},"19":{"start":{"line":80,"column":32},"end":{"line":80,"column":null}},"20":{"start":{"line":81,"column":13},"end":{"line":81,"column":null}},"21":{"start":{"line":83,"column":13},"end":{"line":83,"column":null}},"22":{"start":{"line":87,"column":8},"end":{"line":92,"column":null}},"23":{"start":{"line":94,"column":8},"end":{"line":94,"column":null}},"24":{"start":{"line":97,"column":8},"end":{"line":97,"column":null}},"25":{"start":{"line":98,"column":9},"end":{"line":105,"column":null}},"26":{"start":{"line":109,"column":29},"end":{"line":137,"column":null}},"27":{"start":{"line":111,"column":21},"end":{"line":119,"column":null}},"28":{"start":{"line":128,"column":25},"end":{"line":128,"column":57}},"29":{"start":{"line":129,"column":10},"end":{"line":129,"column":60}},"30":{"start":{"line":131,"column":4},"end":{"line":137,"column":null}},"31":{"start":{"line":132,"column":8},"end":{"line":132,"column":null}},"32":{"start":{"line":134,"column":8},"end":{"line":137,"column":null}}},"fnMap":{"0":{"name":"(anonymous_0)","decl":{"start":{"line":13,"column":37},"end":{"line":13,"column":44}},"loc":{"start":{"line":13,"column":124},"end":{"line":105,"column":null}},"line":13},"1":{"name":"(anonymous_1)","decl":{"start":{"line":23,"column":52},"end":{"line":23,"column":56}},"loc":{"start":{"line":23,"column":63},"end":{"line":23,"column":149}},"line":23},"2":{"name":"(anonymous_2)","decl":{"start":{"line":77,"column":41},"end":{"line":77,"column":45}},"loc":{"start":{"line":77,"column":51},"end":{"line":77,"column":null}},"line":77},"3":{"name":"(anonymous_3)","decl":{"start":{"line":109,"column":29},"end":{"line":109,"column":36}},"loc":{"start":{"line":109,"column":140},"end":{"line":137,"column":null}},"line":109}},"branchMap":{"0":{"loc":{"start":{"line":23,"column":66},"end":{"line":23,"column":102}},"type":"cond-expr","locations":[{"start":{"line":23,"column":88},"end":{"line":23,"column":97}},{"start":{"line":23,"column":97},"end":{"line":23,"column":102}}],"line":23},"1":{"loc":{"start":{"line":23,"column":106},"end":{"line":23,"column":130}},"type":"binary-expr","locations":[{"start":{"line":23,"column":106},"end":{"line":23,"column":120}},{"start":{"line":23,"column":120},"end":{"line":23,"column":130}}],"line":23},"2":{"loc":{"start":{"line":58,"column":8},"end":{"line":59,"column":null}},"type":"if","locations":[{"start":{"line":58,"column":8},"end":{"line":59,"column":null}},{"start":{},"end":{}}],"line":58},"3":{"loc":{"start":{"line":58,"column":12},"end":{"line":58,"column":51}},"type":"binary-expr","locations":[{"start":{"line":58,"column":12},"end":{"line":58,"column":29}},{"start":{"line":58,"column":29},"end":{"line":58,"column":51}}],"line":58},"4":{"loc":{"start":{"line":66,"column":8},"end":{"line":83,"column":null}},"type":"if","locations":[{"start":{"line":66,"column":8},"end":{"line":83,"column":null}},{"start":{"line":68,"column":19},"end":{"line":83,"column":null}}],"line":66},"5":{"loc":{"start":{"line":68,"column":19},"end":{"line":83,"column":null}},"type":"if","locations":[{"start":{"line":68,"column":19},"end":{"line":83,"column":null}},{"start":{"line":70,"column":19},"end":{"line":83,"column":null}}],"line":68},"6":{"loc":{"start":{"line":70,"column":19},"end":{"line":83,"column":null}},"type":"if","locations":[{"start":{"line":70,"column":19},"end":{"line":83,"column":null}},{"start":{"line":79,"column":19},"end":{"line":83,"column":null}}],"line":70},"7":{"loc":{"start":{"line":79,"column":19},"end":{"line":83,"column":null}},"type":"if","locations":[{"start":{"line":79,"column":19},"end":{"line":83,"column":null}},{"start":{"line":82,"column":15},"end":{"line":83,"column":null}}],"line":79},"8":{"loc":{"start":{"line":80,"column":32},"end":{"line":80,"column":null}},"type":"binary-expr","locations":[{"start":{"line":80,"column":32},"end":{"line":80,"column":76}},{"start":{"line":80,"column":76},"end":{"line":80,"column":null}}],"line":80},"9":{"loc":{"start":{"line":90,"column":47},"end":{"line":90,"column":145}},"type":"cond-expr","locations":[{"start":{"line":90,"column":92},"end":{"line":90,"column":116}},{"start":{"line":90,"column":116},"end":{"line":90,"column":145}}],"line":90},"10":{"loc":{"start":{"line":131,"column":4},"end":{"line":137,"column":null}},"type":"if","locations":[{"start":{"line":131,"column":4},"end":{"line":137,"column":null}},{"start":{"line":133,"column":11},"end":{"line":137,"column":null}}],"line":131}},"s":{"0":2,"1":3,"2":3,"3":2,"4":3,"5":3,"6":3,"7":3,"8":3,"9":1,"10":2,"11":2,"12":1,"13":1,"14":0,"15":1,"16":0,"17":0,"18":1,"19":0,"20":0,"21":1,"22":2,"23":2,"24":0,"25":0,"26":2,"27":2,"28":2,"29":2,"30":2,"31":2,"32":0},"f":{"0":3,"1":2,"2":0,"3":2},"b":{"0":[2,0],"1":[2,0],"2":[1,2],"3":[3,2],"4":[1,1],"5":[0,1],"6":[0,1],"7":[0,1],"8":[0,0],"9":[2,0],"10":[2,0]},"meta":{"lastBranch":11,"lastFunction":4,"lastStatement":33,"seen":{"s:13:37:105:Infinity":0,"f:13:37:13:44":0,"s:16:27:20:6":1,"s:23:27:23:160":2,"f:23:52:23:56":1,"s:23:63:23:149":3,"b:23:88:23:97:23:97:23:102":0,"b:23:106:23:120:23:120:23:130":1,"s:25:19:34:Infinity":4,"s:54:4:105:Infinity":5,"s:55:29:55:61":6,"s:56:14:56:62":7,"b:58:8:59:Infinity:undefined:undefined:undefined:undefined":2,"s:58:8:59:Infinity":8,"b:58:12:58:29:58:29:58:51":3,"s:59:13:59:Infinity":9,"s:62:23:62:Infinity":10,"b:66:8:83:Infinity:68:19:83:Infinity":4,"s:66:8:83:Infinity":11,"s:67:13:67:Infinity":12,"b:68:19:83:Infinity:70:19:83:Infinity":5,"s:68:19:83:Infinity":13,"s:69:13:69:Infinity":14,"b:70:19:83:Infinity:79:19:83:Infinity":6,"s:70:19:83:Infinity":15,"s:73:13:78:Infinity":16,"f:77:41:77:45":2,"s:77:51:77:Infinity":17,"b:79:19:83:Infinity:82:15:83:Infinity":7,"s:79:19:83:Infinity":18,"s:80:32:80:Infinity":19,"b:80:32:80:76:80:76:80:Infinity":8,"s:81:13:81:Infinity":20,"s:83:13:83:Infinity":21,"s:87:8:92:Infinity":22,"b:90:92:90:116:90:116:90:145":9,"s:94:8:94:Infinity":23,"s:97:8:97:Infinity":24,"s:98:9:105:Infinity":25,"s:109:29:137:Infinity":26,"f:109:29:109:36":3,"s:111:21:119:Infinity":27,"s:128:25:128:57":28,"s:129:10:129:60":29,"b:131:4:137:Infinity:133:11:137:Infinity":10,"s:131:4:137:Infinity":30,"s:132:8:132:Infinity":31,"s:134:8:137:Infinity":32}}}
,"/app/src/ai/services/budget.service.ts": {"path":"/app/src/ai/services/budget.service.ts","statementMap":{"0":{"start":{"line":9,"column":33},"end":{"line":127,"column":null}},"1":{"start":{"line":10,"column":4},"end":{"line":127,"column":null}},"2":{"start":{"line":12,"column":21},"end":{"line":15,"column":10}},"3":{"start":{"line":17,"column":8},"end":{"line":17,"column":null}},"4":{"start":{"line":17,"column":19},"end":{"line":17,"column":null}},"5":{"start":{"line":20,"column":30},"end":{"line":20,"column":40}},"6":{"start":{"line":21,"column":8},"end":{"line":21,"column":null}},"7":{"start":{"line":23,"column":29},"end":{"line":35,"column":10}},"8":{"start":{"line":38,"column":24},"end":{"line":40,"column":10}},"9":{"start":{"line":43,"column":14},"end":{"line":43,"column":60}},"10":{"start":{"line":46,"column":59},"end":{"line":46,"column":61}},"11":{"start":{"line":47,"column":25},"end":{"line":47,"column":null}},"12":{"start":{"line":49,"column":8},"end":{"line":55,"column":null}},"13":{"start":{"line":50,"column":12},"end":{"line":53,"column":null}},"14":{"start":{"line":51,"column":22},"end":{"line":51,"column":50}},"15":{"start":{"line":52,"column":16},"end":{"line":52,"column":null}},"16":{"start":{"line":53,"column":16},"end":{"line":53,"column":null}},"17":{"start":{"line":58,"column":23},"end":{"line":67,"column":null}},"18":{"start":{"line":67,"column":53},"end":{"line":67,"column":128}},"19":{"start":{"line":84,"column":8},"end":{"line":114,"column":null}},"20":{"start":{"line":85,"column":33},"end":{"line":85,"column":65}},"21":{"start":{"line":86,"column":18},"end":{"line":86,"column":68}},"22":{"start":{"line":88,"column":12},"end":{"line":102,"column":null}},"23":{"start":{"line":89,"column":16},"end":{"line":92,"column":null}},"24":{"start":{"line":94,"column":16},"end":{"line":102,"column":null}},"25":{"start":{"line":105,"column":12},"end":{"line":105,"column":null}},"26":{"start":{"line":106,"column":12},"end":{"line":114,"column":null}},"27":{"start":{"line":118,"column":8},"end":{"line":118,"column":null}},"28":{"start":{"line":119,"column":8},"end":{"line":127,"column":null}},"29":{"start":{"line":134,"column":33},"end":{"line":237,"column":null}},"30":{"start":{"line":135,"column":4},"end":{"line":237,"column":null}},"31":{"start":{"line":137,"column":21},"end":{"line":140,"column":10}},"32":{"start":{"line":143,"column":29},"end":{"line":143,"column":39}},"33":{"start":{"line":144,"column":8},"end":{"line":144,"column":null}},"34":{"start":{"line":146,"column":29},"end":{"line":150,"column":10}},"35":{"start":{"line":152,"column":24},"end":{"line":152,"column":75}},"36":{"start":{"line":154,"column":24},"end":{"line":164,"column":null}},"37":{"start":{"line":156,"column":49},"end":{"line":162,"column":15}},"38":{"start":{"line":163,"column":39},"end":{"line":163,"column":null}},"39":{"start":{"line":166,"column":29},"end":{"line":173,"column":null}},"40":{"start":{"line":184,"column":36},"end":{"line":184,"column":117}},"41":{"start":{"line":184,"column":53},"end":{"line":184,"column":106}},"42":{"start":{"line":186,"column":27},"end":{"line":192,"column":null}},"43":{"start":{"line":197,"column":8},"end":{"line":225,"column":null}},"44":{"start":{"line":198,"column":33},"end":{"line":198,"column":69}},"45":{"start":{"line":199,"column":18},"end":{"line":199,"column":68}},"46":{"start":{"line":201,"column":12},"end":{"line":214,"column":null}},"47":{"start":{"line":202,"column":16},"end":{"line":205,"column":null}},"48":{"start":{"line":207,"column":16},"end":{"line":214,"column":null}},"49":{"start":{"line":217,"column":12},"end":{"line":217,"column":null}},"50":{"start":{"line":218,"column":12},"end":{"line":225,"column":null}},"51":{"start":{"line":229,"column":8},"end":{"line":229,"column":null}},"52":{"start":{"line":230,"column":8},"end":{"line":237,"column":null}}},"fnMap":{"0":{"name":"(anonymous_0)","decl":{"start":{"line":9,"column":33},"end":{"line":9,"column":40}},"loc":{"start":{"line":9,"column":103},"end":{"line":127,"column":null}},"line":9},"1":{"name":"(anonymous_1)","decl":{"start":{"line":49,"column":21},"end":{"line":49,"column":29}},"loc":{"start":{"line":49,"column":34},"end":{"line":55,"column":null}},"line":49},"2":{"name":"(anonymous_2)","decl":{"start":{"line":67,"column":43},"end":{"line":67,"column":47}},"loc":{"start":{"line":67,"column":53},"end":{"line":67,"column":128}},"line":67},"3":{"name":"(anonymous_3)","decl":{"start":{"line":134,"column":33},"end":{"line":134,"column":40}},"loc":{"start":{"line":134,"column":171},"end":{"line":237,"column":null}},"line":134},"4":{"name":"(anonymous_4)","decl":{"start":{"line":156,"column":39},"end":{"line":156,"column":43}},"loc":{"start":{"line":156,"column":49},"end":{"line":162,"column":15}},"line":156},"5":{"name":"(anonymous_5)","decl":{"start":{"line":163,"column":29},"end":{"line":163,"column":33}},"loc":{"start":{"line":163,"column":39},"end":{"line":163,"column":null}},"line":163},"6":{"name":"(anonymous_6)","decl":{"start":{"line":184,"column":44},"end":{"line":184,"column":48}},"loc":{"start":{"line":184,"column":53},"end":{"line":184,"column":106}},"line":184}},"branchMap":{"0":{"loc":{"start":{"line":17,"column":8},"end":{"line":17,"column":null}},"type":"if","locations":[{"start":{"line":17,"column":8},"end":{"line":17,"column":null}},{"start":{},"end":{}}],"line":17},"1":{"loc":{"start":{"line":43,"column":36},"end":{"line":43,"column":60}},"type":"binary-expr","locations":[{"start":{"line":43,"column":36},"end":{"line":43,"column":58}},{"start":{"line":43,"column":58},"end":{"line":43,"column":60}}],"line":43},"2":{"loc":{"start":{"line":50,"column":12},"end":{"line":53,"column":null}},"type":"if","locations":[{"start":{"line":50,"column":12},"end":{"line":53,"column":null}},{"start":{},"end":{}}],"line":50},"3":{"loc":{"start":{"line":52,"column":50},"end":{"line":52,"column":89}},"type":"binary-expr","locations":[{"start":{"line":52,"column":50},"end":{"line":52,"column":84}},{"start":{"line":52,"column":84},"end":{"line":52,"column":89}}],"line":52},"4":{"loc":{"start":{"line":88,"column":12},"end":{"line":102,"column":null}},"type":"if","locations":[{"start":{"line":88,"column":12},"end":{"line":102,"column":null}},{"start":{"line":93,"column":19},"end":{"line":102,"column":null}}],"line":88},"5":{"loc":{"start":{"line":134,"column":73},"end":{"line":134,"column":122}},"type":"default-arg","locations":[{"start":{"line":134,"column":120},"end":{"line":134,"column":122}}],"line":134},"6":{"loc":{"start":{"line":184,"column":56},"end":{"line":184,"column":90}},"type":"cond-expr","locations":[{"start":{"line":184,"column":76},"end":{"line":184,"column":85}},{"start":{"line":184,"column":85},"end":{"line":184,"column":90}}],"line":184},"7":{"loc":{"start":{"line":201,"column":12},"end":{"line":214,"column":null}},"type":"if","locations":[{"start":{"line":201,"column":12},"end":{"line":214,"column":null}},{"start":{"line":206,"column":19},"end":{"line":214,"column":null}}],"line":201}},"s":{"0":2,"1":0,"2":0,"3":0,"4":0,"5":0,"6":0,"7":0,"8":0,"9":0,"10":0,"11":0,"12":0,"13":0,"14":0,"15":0,"16":0,"17":0,"18":0,"19":0,"20":0,"21":0,"22":0,"23":0,"24":0,"25":0,"26":0,"27":0,"28":0,"29":2,"30":0,"31":0,"32":0,"33":0,"34":0,"35":0,"36":0,"37":0,"38":0,"39":0,"40":0,"41":0,"42":0,"43":0,"44":0,"45":0,"46":0,"47":0,"48":0,"49":0,"50":0,"51":0,"52":0},"f":{"0":0,"1":0,"2":0,"3":0,"4":0,"5":0,"6":0},"b":{"0":[0,0],"1":[0,0],"2":[0,0],"3":[0,0],"4":[0,0],"5":[0],"6":[0,0],"7":[0,0]},"meta":{"lastBranch":8,"lastFunction":7,"lastStatement":53,"seen":{"s:9:33:127:Infinity":0,"f:9:33:9:40":0,"s:10:4:127:Infinity":1,"s:12:21:15:10":2,"b:17:8:17:Infinity:undefined:undefined:undefined:undefined":0,"s:17:8:17:Infinity":3,"s:17:19:17:Infinity":4,"s:20:30:20:40":5,"s:21:8:21:Infinity":6,"s:23:29:35:10":7,"s:38:24:40:10":8,"s:43:14:43:60":9,"b:43:36:43:58:43:58:43:60":1,"s:46:59:46:61":10,"s:47:25:47:Infinity":11,"s:49:8:55:Infinity":12,"f:49:21:49:29":1,"b:50:12:53:Infinity:undefined:undefined:undefined:undefined":2,"s:50:12:53:Infinity":13,"s:51:22:51:50":14,"s:52:16:52:Infinity":15,"b:52:50:52:84:52:84:52:89":3,"s:53:16:53:Infinity":16,"s:58:23:67:Infinity":17,"f:67:43:67:47":2,"s:67:53:67:128":18,"s:84:8:114:Infinity":19,"s:85:33:85:65":20,"s:86:18:86:68":21,"b:88:12:102:Infinity:93:19:102:Infinity":4,"s:88:12:102:Infinity":22,"s:89:16:92:Infinity":23,"s:94:16:102:Infinity":24,"s:105:12:105:Infinity":25,"s:106:12:114:Infinity":26,"s:118:8:118:Infinity":27,"s:119:8:127:Infinity":28,"s:134:33:237:Infinity":29,"f:134:33:134:40":3,"b:134:120:134:122":5,"s:135:4:237:Infinity":30,"s:137:21:140:10":31,"s:143:29:143:39":32,"s:144:8:144:Infinity":33,"s:146:29:150:10":34,"s:152:24:152:75":35,"s:154:24:164:Infinity":36,"f:156:39:156:43":4,"s:156:49:162:15":37,"f:163:29:163:33":5,"s:163:39:163:Infinity":38,"s:166:29:173:Infinity":39,"s:184:36:184:117":40,"f:184:44:184:48":6,"s:184:53:184:106":41,"b:184:76:184:85:184:85:184:90":6,"s:186:27:192:Infinity":42,"s:197:8:225:Infinity":43,"s:198:33:198:69":44,"s:199:18:199:68":45,"b:201:12:214:Infinity:206:19:214:Infinity":7,"s:201:12:214:Infinity":46,"s:202:16:205:Infinity":47,"s:207:16:214:Infinity":48,"s:217:12:217:Infinity":49,"s:218:12:225:Infinity":50,"s:229:8:229:Infinity":51,"s:230:8:237:Infinity":52}}}
,"/app/src/ai/services/goal.service.ts": {"path":"/app/src/ai/services/goal.service.ts","statementMap":{"0":{"start":{"line":7,"column":35},"end":{"line":139,"column":null}},"1":{"start":{"line":13,"column":4},"end":{"line":139,"column":null}},"2":{"start":{"line":15,"column":21},"end":{"line":18,"column":10}},"3":{"start":{"line":20,"column":8},"end":{"line":20,"column":null}},"4":{"start":{"line":20,"column":19},"end":{"line":20,"column":null}},"5":{"start":{"line":23,"column":22},"end":{"line":25,"column":10}},"6":{"start":{"line":28,"column":23},"end":{"line":30,"column":10}},"7":{"start":{"line":33,"column":14},"end":{"line":33,"column":60}},"8":{"start":{"line":34,"column":29},"end":{"line":34,"column":null}},"9":{"start":{"line":36,"column":28},"end":{"line":43,"column":11}},"10":{"start":{"line":36,"column":44},"end":{"line":43,"column":11}},"11":{"start":{"line":45,"column":29},"end":{"line":49,"column":11}},"12":{"start":{"line":45,"column":46},"end":{"line":49,"column":11}},"13":{"start":{"line":52,"column":29},"end":{"line":62,"column":null}},"14":{"start":{"line":85,"column":36},"end":{"line":85,"column":117}},"15":{"start":{"line":85,"column":53},"end":{"line":85,"column":106}},"16":{"start":{"line":87,"column":27},"end":{"line":93,"column":null}},"17":{"start":{"line":98,"column":8},"end":{"line":127,"column":null}},"18":{"start":{"line":99,"column":33},"end":{"line":99,"column":69}},"19":{"start":{"line":100,"column":18},"end":{"line":100,"column":68}},"20":{"start":{"line":102,"column":12},"end":{"line":115,"column":null}},"21":{"start":{"line":103,"column":16},"end":{"line":106,"column":null}},"22":{"start":{"line":108,"column":17},"end":{"line":115,"column":null}},"23":{"start":{"line":118,"column":12},"end":{"line":118,"column":null}},"24":{"start":{"line":120,"column":12},"end":{"line":127,"column":null}},"25":{"start":{"line":131,"column":8},"end":{"line":131,"column":null}},"26":{"start":{"line":132,"column":8},"end":{"line":139,"column":null}}},"fnMap":{"0":{"name":"(anonymous_0)","decl":{"start":{"line":7,"column":35},"end":{"line":7,"column":42}},"loc":{"start":{"line":12,"column":76},"end":{"line":139,"column":null}},"line":12},"1":{"name":"(anonymous_1)","decl":{"start":{"line":36,"column":34},"end":{"line":36,"column":38}},"loc":{"start":{"line":36,"column":44},"end":{"line":43,"column":11}},"line":36},"2":{"name":"(anonymous_2)","decl":{"start":{"line":45,"column":36},"end":{"line":45,"column":40}},"loc":{"start":{"line":45,"column":46},"end":{"line":49,"column":11}},"line":45},"3":{"name":"(anonymous_3)","decl":{"start":{"line":85,"column":44},"end":{"line":85,"column":48}},"loc":{"start":{"line":85,"column":53},"end":{"line":85,"column":106}},"line":85}},"branchMap":{"0":{"loc":{"start":{"line":11,"column":4},"end":{"line":11,"column":16}},"type":"default-arg","locations":[{"start":{"line":11,"column":14},"end":{"line":11,"column":16}}],"line":11},"1":{"loc":{"start":{"line":20,"column":8},"end":{"line":20,"column":null}},"type":"if","locations":[{"start":{"line":20,"column":8},"end":{"line":20,"column":null}},{"start":{},"end":{}}],"line":20},"2":{"loc":{"start":{"line":33,"column":36},"end":{"line":33,"column":60}},"type":"binary-expr","locations":[{"start":{"line":33,"column":36},"end":{"line":33,"column":58}},{"start":{"line":33,"column":58},"end":{"line":33,"column":60}}],"line":33},"3":{"loc":{"start":{"line":85,"column":56},"end":{"line":85,"column":90}},"type":"cond-expr","locations":[{"start":{"line":85,"column":76},"end":{"line":85,"column":85}},{"start":{"line":85,"column":85},"end":{"line":85,"column":90}}],"line":85},"4":{"loc":{"start":{"line":102,"column":12},"end":{"line":115,"column":null}},"type":"if","locations":[{"start":{"line":102,"column":12},"end":{"line":115,"column":null}},{"start":{"line":107,"column":19},"end":{"line":115,"column":null}}],"line":102}},"s":{"0":2,"1":0,"2":0,"3":0,"4":0,"5":0,"6":0,"7":0,"8":0,"9":0,"10":0,"11":0,"12":0,"13":0,"14":0,"15":0,"16":0,"17":0,"18":0,"19":0,"20":0,"21":0,"22":0,"23":0,"24":0,"25":0,"26":0},"f":{"0":0,"1":0,"2":0,"3":0},"b":{"0":[0],"1":[0,0],"2":[0,0],"3":[0,0],"4":[0,0]},"meta":{"lastBranch":5,"lastFunction":4,"lastStatement":27,"seen":{"s:7:35:139:Infinity":0,"f:7:35:7:42":0,"b:11:14:11:16":0,"s:13:4:139:Infinity":1,"s:15:21:18:10":2,"b:20:8:20:Infinity:undefined:undefined:undefined:undefined":1,"s:20:8:20:Infinity":3,"s:20:19:20:Infinity":4,"s:23:22:25:10":5,"s:28:23:30:10":6,"s:33:14:33:60":7,"b:33:36:33:58:33:58:33:60":2,"s:34:29:34:Infinity":8,"s:36:28:43:11":9,"f:36:34:36:38":1,"s:36:44:43:11":10,"s:45:29:49:11":11,"f:45:36:45:40":2,"s:45:46:49:11":12,"s:52:29:62:Infinity":13,"s:85:36:85:117":14,"f:85:44:85:48":3,"s:85:53:85:106":15,"b:85:76:85:85:85:85:85:90":3,"s:87:27:93:Infinity":16,"s:98:8:127:Infinity":17,"s:99:33:99:69":18,"s:100:18:100:68":19,"b:102:12:115:Infinity:107:19:115:Infinity":4,"s:102:12:115:Infinity":20,"s:103:16:106:Infinity":21,"s:108:17:115:Infinity":22,"s:118:12:118:Infinity":23,"s:120:12:127:Infinity":24,"s:131:8:131:Infinity":25,"s:132:8:139:Infinity":26}}}
,"/app/src/ai/services/planned_event.service.ts": {"path":"/app/src/ai/services/planned_event.service.ts","statementMap":{"0":{"start":{"line":6,"column":42},"end":{"line":120,"column":null}},"1":{"start":{"line":7,"column":4},"end":{"line":120,"column":null}},"2":{"start":{"line":9,"column":21},"end":{"line":12,"column":10}},"3":{"start":{"line":14,"column":8},"end":{"line":14,"column":null}},"4":{"start":{"line":14,"column":19},"end":{"line":14,"column":null}},"5":{"start":{"line":17,"column":23},"end":{"line":20,"column":10}},"6":{"start":{"line":23,"column":22},"end":{"line":26,"column":10}},"7":{"start":{"line":29,"column":14},"end":{"line":29,"column":60}},"8":{"start":{"line":30,"column":29},"end":{"line":30,"column":null}},"9":{"start":{"line":32,"column":29},"end":{"line":36,"column":11}},"10":{"start":{"line":32,"column":46},"end":{"line":36,"column":11}},"11":{"start":{"line":38,"column":28},"end":{"line":44,"column":11}},"12":{"start":{"line":38,"column":44},"end":{"line":44,"column":11}},"13":{"start":{"line":47,"column":23},"end":{"line":55,"column":null}},"14":{"start":{"line":74,"column":8},"end":{"line":106,"column":null}},"15":{"start":{"line":75,"column":33},"end":{"line":75,"column":65}},"16":{"start":{"line":76,"column":18},"end":{"line":76,"column":68}},"17":{"start":{"line":78,"column":12},"end":{"line":93,"column":null}},"18":{"start":{"line":79,"column":16},"end":{"line":82,"column":null}},"19":{"start":{"line":84,"column":17},"end":{"line":93,"column":null}},"20":{"start":{"line":96,"column":12},"end":{"line":96,"column":null}},"21":{"start":{"line":97,"column":12},"end":{"line":106,"column":null}},"22":{"start":{"line":110,"column":8},"end":{"line":110,"column":null}},"23":{"start":{"line":111,"column":8},"end":{"line":120,"column":null}}},"fnMap":{"0":{"name":"(anonymous_0)","decl":{"start":{"line":6,"column":42},"end":{"line":6,"column":49}},"loc":{"start":{"line":6,"column":112},"end":{"line":120,"column":null}},"line":6},"1":{"name":"(anonymous_1)","decl":{"start":{"line":32,"column":36},"end":{"line":32,"column":40}},"loc":{"start":{"line":32,"column":46},"end":{"line":36,"column":11}},"line":32},"2":{"name":"(anonymous_2)","decl":{"start":{"line":38,"column":34},"end":{"line":38,"column":38}},"loc":{"start":{"line":38,"column":44},"end":{"line":44,"column":11}},"line":38}},"branchMap":{"0":{"loc":{"start":{"line":14,"column":8},"end":{"line":14,"column":null}},"type":"if","locations":[{"start":{"line":14,"column":8},"end":{"line":14,"column":null}},{"start":{},"end":{}}],"line":14},"1":{"loc":{"start":{"line":29,"column":36},"end":{"line":29,"column":60}},"type":"binary-expr","locations":[{"start":{"line":29,"column":36},"end":{"line":29,"column":58}},{"start":{"line":29,"column":58},"end":{"line":29,"column":60}}],"line":29},"2":{"loc":{"start":{"line":78,"column":12},"end":{"line":93,"column":null}},"type":"if","locations":[{"start":{"line":78,"column":12},"end":{"line":93,"column":null}},{"start":{"line":83,"column":19},"end":{"line":93,"column":null}}],"line":78}},"s":{"0":1,"1":1,"2":1,"3":1,"4":0,"5":1,"6":1,"7":1,"8":1,"9":1,"10":0,"11":1,"12":0,"13":1,"14":1,"15":1,"16":1,"17":1,"18":1,"19":0,"20":0,"21":0,"22":0,"23":0},"f":{"0":1,"1":0,"2":0},"b":{"0":[0,1],"1":[1,0],"2":[1,0]},"meta":{"lastBranch":3,"lastFunction":3,"lastStatement":24,"seen":{"s:6:42:120:Infinity":0,"f:6:42:6:49":0,"s:7:4:120:Infinity":1,"s:9:21:12:10":2,"b:14:8:14:Infinity:undefined:undefined:undefined:undefined":0,"s:14:8:14:Infinity":3,"s:14:19:14:Infinity":4,"s:17:23:20:10":5,"s:23:22:26:10":6,"s:29:14:29:60":7,"b:29:36:29:58:29:58:29:60":1,"s:30:29:30:Infinity":8,"s:32:29:36:11":9,"f:32:36:32:40":1,"s:32:46:36:11":10,"s:38:28:44:11":11,"f:38:34:38:38":2,"s:38:44:44:11":12,"s:47:23:55:Infinity":13,"s:74:8:106:Infinity":14,"s:75:33:75:65":15,"s:76:18:76:68":16,"b:78:12:93:Infinity:83:19:93:Infinity":2,"s:78:12:93:Infinity":17,"s:79:16:82:Infinity":18,"s:84:17:93:Infinity":19,"s:96:12:96:Infinity":20,"s:97:12:106:Infinity":21,"s:110:8:110:Infinity":22,"s:111:8:120:Infinity":23}}}
,"/app/src/ai/services/predictive.service.ts": {"path":"/app/src/ai/services/predictive.service.ts","statementMap":{"0":{"start":{"line":7,"column":42},"end":{"line":133,"column":null}},"1":{"start":{"line":8,"column":4},"end":{"line":133,"column":null}},"2":{"start":{"line":9,"column":21},"end":{"line":12,"column":10}},"3":{"start":{"line":14,"column":8},"end":{"line":14,"column":null}},"4":{"start":{"line":14,"column":19},"end":{"line":14,"column":null}},"5":{"start":{"line":17,"column":31},"end":{"line":17,"column":41}},"6":{"start":{"line":18,"column":8},"end":{"line":18,"column":null}},"7":{"start":{"line":20,"column":29},"end":{"line":31,"column":10}},"8":{"start":{"line":33,"column":28},"end":{"line":35,"column":10}},"9":{"start":{"line":38,"column":54},"end":{"line":38,"column":56}},"10":{"start":{"line":39,"column":53},"end":{"line":39,"column":55}},"11":{"start":{"line":41,"column":8},"end":{"line":49,"column":null}},"12":{"start":{"line":42,"column":12},"end":{"line":47,"column":null}},"13":{"start":{"line":43,"column":22},"end":{"line":43,"column":50}},"14":{"start":{"line":44,"column":30},"end":{"line":44,"column":62}},"15":{"start":{"line":46,"column":16},"end":{"line":46,"column":null}},"16":{"start":{"line":47,"column":16},"end":{"line":47,"column":null}},"17":{"start":{"line":51,"column":28},"end":{"line":56,"column":11}},"18":{"start":{"line":51,"column":50},"end":{"line":56,"column":11}},"19":{"start":{"line":58,"column":23},"end":{"line":67,"column":null}},"20":{"start":{"line":90,"column":8},"end":{"line":119,"column":null}},"21":{"start":{"line":91,"column":33},"end":{"line":91,"column":65}},"22":{"start":{"line":92,"column":18},"end":{"line":92,"column":68}},"23":{"start":{"line":94,"column":12},"end":{"line":106,"column":null}},"24":{"start":{"line":95,"column":16},"end":{"line":95,"column":null}},"25":{"start":{"line":97,"column":17},"end":{"line":106,"column":null}},"26":{"start":{"line":109,"column":12},"end":{"line":109,"column":null}},"27":{"start":{"line":110,"column":12},"end":{"line":119,"column":null}},"28":{"start":{"line":123,"column":8},"end":{"line":123,"column":null}},"29":{"start":{"line":124,"column":8},"end":{"line":133,"column":null}}},"fnMap":{"0":{"name":"(anonymous_0)","decl":{"start":{"line":7,"column":42},"end":{"line":7,"column":49}},"loc":{"start":{"line":7,"column":112},"end":{"line":133,"column":null}},"line":7},"1":{"name":"(anonymous_1)","decl":{"start":{"line":41,"column":21},"end":{"line":41,"column":29}},"loc":{"start":{"line":41,"column":34},"end":{"line":49,"column":null}},"line":41},"2":{"name":"(anonymous_2)","decl":{"start":{"line":51,"column":40},"end":{"line":51,"column":44}},"loc":{"start":{"line":51,"column":50},"end":{"line":56,"column":11}},"line":51}},"branchMap":{"0":{"loc":{"start":{"line":14,"column":8},"end":{"line":14,"column":null}},"type":"if","locations":[{"start":{"line":14,"column":8},"end":{"line":14,"column":null}},{"start":{},"end":{}}],"line":14},"1":{"loc":{"start":{"line":42,"column":12},"end":{"line":47,"column":null}},"type":"if","locations":[{"start":{"line":42,"column":12},"end":{"line":47,"column":null}},{"start":{},"end":{}}],"line":42},"2":{"loc":{"start":{"line":46,"column":42},"end":{"line":46,"column":73}},"type":"binary-expr","locations":[{"start":{"line":46,"column":42},"end":{"line":46,"column":68}},{"start":{"line":46,"column":68},"end":{"line":46,"column":73}}],"line":46},"3":{"loc":{"start":{"line":47,"column":46},"end":{"line":47,"column":81}},"type":"binary-expr","locations":[{"start":{"line":47,"column":46},"end":{"line":47,"column":76}},{"start":{"line":47,"column":76},"end":{"line":47,"column":81}}],"line":47},"4":{"loc":{"start":{"line":64,"column":33},"end":{"line":64,"column":57}},"type":"binary-expr","locations":[{"start":{"line":64,"column":33},"end":{"line":64,"column":55}},{"start":{"line":64,"column":55},"end":{"line":64,"column":57}}],"line":64},"5":{"loc":{"start":{"line":94,"column":12},"end":{"line":106,"column":null}},"type":"if","locations":[{"start":{"line":94,"column":12},"end":{"line":106,"column":null}},{"start":{"line":96,"column":19},"end":{"line":106,"column":null}}],"line":94}},"s":{"0":2,"1":3,"2":3,"3":3,"4":0,"5":3,"6":3,"7":3,"8":2,"9":2,"10":2,"11":2,"12":1,"13":1,"14":1,"15":1,"16":1,"17":2,"18":1,"19":2,"20":3,"21":3,"22":2,"23":2,"24":2,"25":0,"26":0,"27":0,"28":1,"29":1},"f":{"0":3,"1":1,"2":1},"b":{"0":[0,3],"1":[1,0],"2":[1,1],"3":[1,1],"4":[2,0],"5":[2,0]},"meta":{"lastBranch":6,"lastFunction":3,"lastStatement":30,"seen":{"s:7:42:133:Infinity":0,"f:7:42:7:49":0,"s:8:4:133:Infinity":1,"s:9:21:12:10":2,"b:14:8:14:Infinity:undefined:undefined:undefined:undefined":0,"s:14:8:14:Infinity":3,"s:14:19:14:Infinity":4,"s:17:31:17:41":5,"s:18:8:18:Infinity":6,"s:20:29:31:10":7,"s:33:28:35:10":8,"s:38:54:38:56":9,"s:39:53:39:55":10,"s:41:8:49:Infinity":11,"f:41:21:41:29":1,"b:42:12:47:Infinity:undefined:undefined:undefined:undefined":1,"s:42:12:47:Infinity":12,"s:43:22:43:50":13,"s:44:30:44:62":14,"s:46:16:46:Infinity":15,"b:46:42:46:68:46:68:46:73":2,"s:47:16:47:Infinity":16,"b:47:46:47:76:47:76:47:81":3,"s:51:28:56:11":17,"f:51:40:51:44":2,"s:51:50:56:11":18,"s:58:23:67:Infinity":19,"b:64:33:64:55:64:55:64:57":4,"s:90:8:119:Infinity":20,"s:91:33:91:65":21,"s:92:18:92:68":22,"b:94:12:106:Infinity:96:19:106:Infinity":5,"s:94:12:106:Infinity":23,"s:95:16:95:Infinity":24,"s:97:17:106:Infinity":25,"s:109:12:109:Infinity":26,"s:110:12:119:Infinity":27,"s:123:8:123:Infinity":28,"s:124:8:133:Infinity":29}}}
,"/app/src/ai/services/report.service.ts": {"path":"/app/src/ai/services/report.service.ts","statementMap":{"0":{"start":{"line":7,"column":31},"end":{"line":127,"column":null}},"1":{"start":{"line":8,"column":4},"end":{"line":127,"column":null}},"2":{"start":{"line":9,"column":21},"end":{"line":12,"column":10}},"3":{"start":{"line":14,"column":8},"end":{"line":14,"column":null}},"4":{"start":{"line":14,"column":19},"end":{"line":14,"column":null}},"5":{"start":{"line":17,"column":28},"end":{"line":17,"column":null}},"6":{"start":{"line":20,"column":8},"end":{"line":41,"column":null}},"7":{"start":{"line":21,"column":27},"end":{"line":21,"column":null}},"8":{"start":{"line":22,"column":25},"end":{"line":22,"column":75}},"9":{"start":{"line":23,"column":12},"end":{"line":23,"column":null}},"10":{"start":{"line":24,"column":12},"end":{"line":24,"column":null}},"11":{"start":{"line":25,"column":19},"end":{"line":41,"column":null}},"12":{"start":{"line":26,"column":27},"end":{"line":26,"column":null}},"13":{"start":{"line":27,"column":25},"end":{"line":27,"column":75}},"14":{"start":{"line":28,"column":12},"end":{"line":28,"column":null}},"15":{"start":{"line":29,"column":12},"end":{"line":29,"column":null}},"16":{"start":{"line":30,"column":19},"end":{"line":41,"column":null}},"17":{"start":{"line":31,"column":43},"end":{"line":31,"column":null}},"18":{"start":{"line":32,"column":12},"end":{"line":32,"column":null}},"19":{"start":{"line":33,"column":12},"end":{"line":33,"column":null}},"20":{"start":{"line":35,"column":13},"end":{"line":41,"column":null}},"21":{"start":{"line":45,"column":23},"end":{"line":51,"column":null}},"22":{"start":{"line":81,"column":8},"end":{"line":113,"column":null}},"23":{"start":{"line":82,"column":33},"end":{"line":82,"column":65}},"24":{"start":{"line":83,"column":18},"end":{"line":83,"column":68}},"25":{"start":{"line":85,"column":12},"end":{"line":100,"column":null}},"26":{"start":{"line":86,"column":16},"end":{"line":89,"column":null}},"27":{"start":{"line":91,"column":16},"end":{"line":100,"column":null}},"28":{"start":{"line":103,"column":12},"end":{"line":103,"column":null}},"29":{"start":{"line":104,"column":12},"end":{"line":113,"column":null}},"30":{"start":{"line":117,"column":8},"end":{"line":117,"column":null}},"31":{"start":{"line":118,"column":8},"end":{"line":127,"column":null}}},"fnMap":{"0":{"name":"(anonymous_0)","decl":{"start":{"line":7,"column":31},"end":{"line":7,"column":38}},"loc":{"start":{"line":7,"column":140},"end":{"line":127,"column":null}},"line":7}},"branchMap":{"0":{"loc":{"start":{"line":7,"column":74},"end":{"line":7,"column":91}},"type":"default-arg","locations":[{"start":{"line":7,"column":89},"end":{"line":7,"column":91}}],"line":7},"1":{"loc":{"start":{"line":14,"column":8},"end":{"line":14,"column":null}},"type":"if","locations":[{"start":{"line":14,"column":8},"end":{"line":14,"column":null}},{"start":{},"end":{}}],"line":14},"2":{"loc":{"start":{"line":20,"column":8},"end":{"line":41,"column":null}},"type":"if","locations":[{"start":{"line":20,"column":8},"end":{"line":41,"column":null}},{"start":{"line":25,"column":19},"end":{"line":41,"column":null}}],"line":20},"3":{"loc":{"start":{"line":21,"column":27},"end":{"line":21,"column":null}},"type":"binary-expr","locations":[{"start":{"line":21,"column":27},"end":{"line":21,"column":60}},{"start":{"line":21,"column":60},"end":{"line":21,"column":null}}],"line":21},"4":{"loc":{"start":{"line":22,"column":25},"end":{"line":22,"column":75}},"type":"cond-expr","locations":[{"start":{"line":22,"column":40},"end":{"line":22,"column":62}},{"start":{"line":22,"column":65},"end":{"line":22,"column":75}}],"line":22},"5":{"loc":{"start":{"line":25,"column":19},"end":{"line":41,"column":null}},"type":"if","locations":[{"start":{"line":25,"column":19},"end":{"line":41,"column":null}},{"start":{"line":30,"column":19},"end":{"line":41,"column":null}}],"line":25},"6":{"loc":{"start":{"line":26,"column":27},"end":{"line":26,"column":null}},"type":"binary-expr","locations":[{"start":{"line":26,"column":27},"end":{"line":26,"column":60}},{"start":{"line":26,"column":60},"end":{"line":26,"column":null}}],"line":26},"7":{"loc":{"start":{"line":27,"column":25},"end":{"line":27,"column":75}},"type":"cond-expr","locations":[{"start":{"line":27,"column":40},"end":{"line":27,"column":62}},{"start":{"line":27,"column":65},"end":{"line":27,"column":75}}],"line":27},"8":{"loc":{"start":{"line":30,"column":19},"end":{"line":41,"column":null}},"type":"if","locations":[{"start":{"line":30,"column":19},"end":{"line":41,"column":null}},{"start":{"line":34,"column":15},"end":{"line":41,"column":null}}],"line":30},"9":{"loc":{"start":{"line":85,"column":12},"end":{"line":100,"column":null}},"type":"if","locations":[{"start":{"line":85,"column":12},"end":{"line":100,"column":null}},{"start":{"line":90,"column":19},"end":{"line":100,"column":null}}],"line":85}},"s":{"0":3,"1":3,"2":3,"3":3,"4":0,"5":3,"6":3,"7":1,"8":1,"9":1,"10":1,"11":2,"12":0,"13":0,"14":0,"15":0,"16":2,"17":1,"18":1,"19":1,"20":1,"21":2,"22":2,"23":2,"24":2,"25":2,"26":2,"27":0,"28":0,"29":0,"30":0,"31":0},"f":{"0":3},"b":{"0":[3],"1":[0,3],"2":[1,2],"3":[1,1],"4":[0,1],"5":[0,2],"6":[0,0],"7":[0,0],"8":[1,1],"9":[2,0]},"meta":{"lastBranch":10,"lastFunction":1,"lastStatement":32,"seen":{"s:7:31:127:Infinity":0,"f:7:31:7:38":0,"b:7:89:7:91":0,"s:8:4:127:Infinity":1,"s:9:21:12:10":2,"b:14:8:14:Infinity:undefined:undefined:undefined:undefined":1,"s:14:8:14:Infinity":3,"s:14:19:14:Infinity":4,"s:17:28:17:Infinity":5,"b:20:8:41:Infinity:25:19:41:Infinity":2,"s:20:8:41:Infinity":6,"s:21:27:21:Infinity":7,"b:21:27:21:60:21:60:21:Infinity":3,"s:22:25:22:75":8,"b:22:40:22:62:22:65:22:75":4,"s:23:12:23:Infinity":9,"s:24:12:24:Infinity":10,"b:25:19:41:Infinity:30:19:41:Infinity":5,"s:25:19:41:Infinity":11,"s:26:27:26:Infinity":12,"b:26:27:26:60:26:60:26:Infinity":6,"s:27:25:27:75":13,"b:27:40:27:62:27:65:27:75":7,"s:28:12:28:Infinity":14,"s:29:12:29:Infinity":15,"b:30:19:41:Infinity:34:15:41:Infinity":8,"s:30:19:41:Infinity":16,"s:31:43:31:Infinity":17,"s:32:12:32:Infinity":18,"s:33:12:33:Infinity":19,"s:35:13:41:Infinity":20,"s:45:23:51:Infinity":21,"s:81:8:113:Infinity":22,"s:82:33:82:65":23,"s:83:18:83:68":24,"b:85:12:100:Infinity:90:19:100:Infinity":9,"s:85:12:100:Infinity":25,"s:86:16:89:Infinity":26,"s:91:16:100:Infinity":27,"s:103:12:103:Infinity":28,"s:104:12:113:Infinity":29,"s:117:8:117:Infinity":30,"s:118:8:127:Infinity":31}}}
,"/app/src/ai/services/transaction.service.ts": {"path":"/app/src/ai/services/transaction.service.ts","statementMap":{"0":{"start":{"line":8,"column":45},"end":{"line":92,"column":null}},"1":{"start":{"line":11,"column":25},"end":{"line":29,"column":21}},"2":{"start":{"line":12,"column":8},"end":{"line":28,"column":null}},"3":{"start":{"line":33,"column":31},"end":{"line":41,"column":7}},"4":{"start":{"line":33,"column":54},"end":{"line":41,"column":7}},"5":{"start":{"line":43,"column":19},"end":{"line":53,"column":null}},"6":{"start":{"line":63,"column":4},"end":{"line":92,"column":null}},"7":{"start":{"line":64,"column":29},"end":{"line":64,"column":61}},"8":{"start":{"line":65,"column":14},"end":{"line":65,"column":64}},"9":{"start":{"line":67,"column":8},"end":{"line":80,"column":null}},"10":{"start":{"line":68,"column":13},"end":{"line":71,"column":null}},"11":{"start":{"line":73,"column":13},"end":{"line":80,"column":null}},"12":{"start":{"line":84,"column":8},"end":{"line":84,"column":null}},"13":{"start":{"line":85,"column":8},"end":{"line":92,"column":null}}},"fnMap":{"0":{"name":"(anonymous_0)","decl":{"start":{"line":8,"column":45},"end":{"line":8,"column":52}},"loc":{"start":{"line":8,"column":133},"end":{"line":92,"column":null}},"line":8},"1":{"name":"(anonymous_1)","decl":{"start":{"line":11,"column":55},"end":{"line":11,"column":67}},"loc":{"start":{"line":11,"column":67},"end":{"line":29,"column":21}},"line":11},"2":{"name":"(anonymous_2)","decl":{"start":{"line":33,"column":44},"end":{"line":33,"column":48}},"loc":{"start":{"line":33,"column":54},"end":{"line":41,"column":7}},"line":33}},"branchMap":{"0":{"loc":{"start":{"line":38,"column":21},"end":{"line":38,"column":null}},"type":"binary-expr","locations":[{"start":{"line":38,"column":21},"end":{"line":38,"column":38}},{"start":{"line":38,"column":38},"end":{"line":38,"column":null}}],"line":38},"1":{"loc":{"start":{"line":67,"column":8},"end":{"line":80,"column":null}},"type":"if","locations":[{"start":{"line":67,"column":8},"end":{"line":80,"column":null}},{"start":{"line":72,"column":15},"end":{"line":80,"column":null}}],"line":67}},"s":{"0":1,"1":0,"2":0,"3":0,"4":0,"5":0,"6":0,"7":0,"8":0,"9":0,"10":0,"11":0,"12":0,"13":0},"f":{"0":0,"1":0,"2":0},"b":{"0":[0,0],"1":[0,0]},"meta":{"lastBranch":2,"lastFunction":3,"lastStatement":14,"seen":{"s:8:45:92:Infinity":0,"f:8:45:8:52":0,"s:11:25:29:21":1,"f:11:55:11:67":1,"s:12:8:28:Infinity":2,"s:33:31:41:7":3,"f:33:44:33:48":2,"s:33:54:41:7":4,"b:38:21:38:38:38:38:38:Infinity":0,"s:43:19:53:Infinity":5,"s:63:4:92:Infinity":6,"s:64:29:64:61":7,"s:65:14:65:64":8,"b:67:8:80:Infinity:72:15:80:Infinity":1,"s:67:8:80:Infinity":9,"s:68:13:71:Infinity":10,"s:73:13:80:Infinity":11,"s:84:8:84:Infinity":12,"s:85:8:92:Infinity":13}}}
,"/app/src/ai/utils/json_extractor.ts": {"path":"/app/src/ai/utils/json_extractor.ts","statementMap":{"0":{"start":{"line":9,"column":4},"end":{"line":33,"column":null}},"1":{"start":{"line":10,"column":25},"end":{"line":10,"column":36}},"2":{"start":{"line":13,"column":31},"end":{"line":13,"column":null}},"3":{"start":{"line":14,"column":31},"end":{"line":14,"column":57}},"4":{"start":{"line":16,"column":8},"end":{"line":25,"column":null}},"5":{"start":{"line":17,"column":12},"end":{"line":17,"column":null}},"6":{"start":{"line":21,"column":31},"end":{"line":21,"column":48}},"7":{"start":{"line":22,"column":30},"end":{"line":22,"column":51}},"8":{"start":{"line":24,"column":12},"end":{"line":25,"column":null}},"9":{"start":{"line":25,"column":16},"end":{"line":25,"column":null}},"10":{"start":{"line":30,"column":8},"end":{"line":30,"column":null}},"11":{"start":{"line":32,"column":8},"end":{"line":32,"column":null}},"12":{"start":{"line":33,"column":8},"end":{"line":33,"column":null}}},"fnMap":{"0":{"name":"extractJsonFromText","decl":{"start":{"line":8,"column":16},"end":{"line":8,"column":36}},"loc":{"start":{"line":8,"column":55},"end":{"line":33,"column":null}},"line":8}},"branchMap":{"0":{"loc":{"start":{"line":16,"column":8},"end":{"line":25,"column":null}},"type":"if","locations":[{"start":{"line":16,"column":8},"end":{"line":25,"column":null}},{"start":{"line":18,"column":15},"end":{"line":25,"column":null}}],"line":16},"1":{"loc":{"start":{"line":16,"column":12},"end":{"line":16,"column":49}},"type":"binary-expr","locations":[{"start":{"line":16,"column":12},"end":{"line":16,"column":30}},{"start":{"line":16,"column":30},"end":{"line":16,"column":49}}],"line":16},"2":{"loc":{"start":{"line":24,"column":12},"end":{"line":25,"column":null}},"type":"if","locations":[{"start":{"line":24,"column":12},"end":{"line":25,"column":null}},{"start":{},"end":{}}],"line":24},"3":{"loc":{"start":{"line":24,"column":16},"end":{"line":24,"column":81}},"type":"binary-expr","locations":[{"start":{"line":24,"column":16},"end":{"line":24,"column":37}},{"start":{"line":24,"column":37},"end":{"line":24,"column":57}},{"start":{"line":24,"column":57},"end":{"line":24,"column":81}}],"line":24}},"s":{"0":10,"1":10,"2":10,"3":10,"4":10,"5":0,"6":10,"7":10,"8":10,"9":9,"10":10,"11":1,"12":1},"f":{"0":10},"b":{"0":[0,10],"1":[10,0],"2":[9,1],"3":[10,9,9]},"meta":{"lastBranch":4,"lastFunction":1,"lastStatement":13,"seen":{"f:8:16:8:36":0,"s:9:4:33:Infinity":0,"s:10:25:10:36":1,"s:13:31:13:Infinity":2,"s:14:31:14:57":3,"b:16:8:25:Infinity:18:15:25:Infinity":0,"s:16:8:25:Infinity":4,"b:16:12:16:30:16:30:16:49":1,"s:17:12:17:Infinity":5,"s:21:31:21:48":6,"s:22:30:22:51":7,"b:24:12:25:Infinity:undefined:undefined:undefined:undefined":2,"s:24:12:25:Infinity":8,"b:24:16:24:37:24:37:24:57:24:57:24:81":3,"s:25:16:25:Infinity":9,"s:30:8:30:Infinity":10,"s:32:8:32:Infinity":11,"s:33:8:33:Infinity":12}}}
,"/app/src/middlewares/validate.middleware.ts": {"path":"/app/src/middlewares/validate.middleware.ts","statementMap":{"0":{"start":{"line":4,"column":13},"end":{"line":20,"column":null}},"1":{"start":{"line":5,"column":4},"end":{"line":20,"column":null}},"2":{"start":{"line":6,"column":8},"end":{"line":20,"column":null}},"3":{"start":{"line":7,"column":12},"end":{"line":11,"column":null}},"4":{"start":{"line":12,"column":12},"end":{"line":12,"column":null}},"5":{"start":{"line":14,"column":12},"end":{"line":18,"column":null}},"6":{"start":{"line":15,"column":16},"end":{"line":18,"column":null}},"7":{"start":{"line":20,"column":12},"end":{"line":20,"column":null}}},"fnMap":{"0":{"name":"(anonymous_0)","decl":{"start":{"line":4,"column":13},"end":{"line":4,"column":25}},"loc":{"start":{"line":4,"column":47},"end":{"line":20,"column":null}},"line":4},"1":{"name":"(anonymous_1)","decl":{"start":{"line":5,"column":11},"end":{"line":5,"column":18}},"loc":{"start":{"line":5,"column":70},"end":{"line":20,"column":null}},"line":5}},"branchMap":{"0":{"loc":{"start":{"line":14,"column":12},"end":{"line":18,"column":null}},"type":"if","locations":[{"start":{"line":14,"column":12},"end":{"line":18,"column":null}},{"start":{},"end":{}}],"line":14}},"s":{"0":1,"1":4,"2":4,"3":4,"4":2,"5":2,"6":2,"7":0},"f":{"0":4,"1":4},"b":{"0":[2,0]},"meta":{"lastBranch":1,"lastFunction":2,"lastStatement":8,"seen":{"s:4:13:20:Infinity":0,"f:4:13:4:25":0,"s:5:4:20:Infinity":1,"f:5:11:5:18":1,"s:6:8:20:Infinity":2,"s:7:12:11:Infinity":3,"s:12:12:12:Infinity":4,"b:14:12:18:Infinity:undefined:undefined:undefined:undefined":0,"s:14:12:18:Infinity":5,"s:15:16:18:Infinity":6,"s:20:12:20:Infinity":7}}}
,"/app/src/services/budget.service.ts": {"path":"/app/src/services/budget.service.ts","statementMap":{"0":{"start":{"line":9,"column":31},"end":{"line":47,"column":null}},"1":{"start":{"line":11,"column":4},"end":{"line":17,"column":null}},"2":{"start":{"line":12,"column":8},"end":{"line":17,"column":null}},"3":{"start":{"line":20,"column":4},"end":{"line":26,"column":null}},"4":{"start":{"line":21,"column":8},"end":{"line":26,"column":null}},"5":{"start":{"line":29,"column":4},"end":{"line":35,"column":null}},"6":{"start":{"line":30,"column":8},"end":{"line":35,"column":null}},"7":{"start":{"line":38,"column":4},"end":{"line":47,"column":null}},"8":{"start":{"line":39,"column":8},"end":{"line":46,"column":null}},"9":{"start":{"line":50,"column":30},"end":{"line":56,"column":null}},"10":{"start":{"line":51,"column":4},"end":{"line":56,"column":null}},"11":{"start":{"line":52,"column":8},"end":{"line":55,"column":null}},"12":{"start":{"line":59,"column":32},"end":{"line":67,"column":null}},"13":{"start":{"line":60,"column":4},"end":{"line":67,"column":null}},"14":{"start":{"line":61,"column":8},"end":{"line":66,"column":null}},"15":{"start":{"line":70,"column":32},"end":{"line":79,"column":null}},"16":{"start":{"line":71,"column":4},"end":{"line":79,"column":null}},"17":{"start":{"line":72,"column":8},"end":{"line":76,"column":null}},"18":{"start":{"line":78,"column":8},"end":{"line":78,"column":null}},"19":{"start":{"line":82,"column":40},"end":{"line":139,"column":null}},"20":{"start":{"line":83,"column":4},"end":{"line":139,"column":null}},"21":{"start":{"line":84,"column":21},"end":{"line":84,"column":76}},"22":{"start":{"line":85,"column":8},"end":{"line":90,"column":null}},"23":{"start":{"line":85,"column":19},"end":{"line":90,"column":null}},"24":{"start":{"line":92,"column":24},"end":{"line":92,"column":75}},"25":{"start":{"line":94,"column":24},"end":{"line":135,"column":null}},"26":{"start":{"line":96,"column":67},"end":{"line":96,"column":null}},"27":{"start":{"line":98,"column":22},"end":{"line":98,"column":56}},"28":{"start":{"line":100,"column":54},"end":{"line":117,"column":18}},"29":{"start":{"line":119,"column":35},"end":{"line":124,"column":null}},"30":{"start":{"line":121,"column":50},"end":{"line":121,"column":108}},"31":{"start":{"line":122,"column":52},"end":{"line":122,"column":126}},"32":{"start":{"line":127,"column":16},"end":{"line":134,"column":null}},"33":{"start":{"line":138,"column":8},"end":{"line":138,"column":null}}},"fnMap":{"0":{"name":"(anonymous_0)","decl":{"start":{"line":9,"column":31},"end":{"line":9,"column":38}},"loc":{"start":{"line":9,"column":82},"end":{"line":47,"column":null}},"line":9},"1":{"name":"(anonymous_1)","decl":{"start":{"line":38,"column":35},"end":{"line":38,"column":47}},"loc":{"start":{"line":38,"column":47},"end":{"line":47,"column":16}},"line":38},"2":{"name":"(anonymous_2)","decl":{"start":{"line":50,"column":30},"end":{"line":50,"column":37}},"loc":{"start":{"line":50,"column":56},"end":{"line":56,"column":null}},"line":50},"3":{"name":"(anonymous_3)","decl":{"start":{"line":51,"column":35},"end":{"line":51,"column":47}},"loc":{"start":{"line":51,"column":47},"end":{"line":56,"column":16}},"line":51},"4":{"name":"(anonymous_4)","decl":{"start":{"line":59,"column":32},"end":{"line":59,"column":39}},"loc":{"start":{"line":59,"column":94},"end":{"line":67,"column":null}},"line":59},"5":{"name":"(anonymous_5)","decl":{"start":{"line":60,"column":32},"end":{"line":60,"column":44}},"loc":{"start":{"line":60,"column":44},"end":{"line":67,"column":16}},"line":60},"6":{"name":"(anonymous_6)","decl":{"start":{"line":70,"column":32},"end":{"line":70,"column":39}},"loc":{"start":{"line":70,"column":70},"end":{"line":79,"column":null}},"line":70},"7":{"name":"(anonymous_7)","decl":{"start":{"line":71,"column":32},"end":{"line":71,"column":44}},"loc":{"start":{"line":71,"column":44},"end":{"line":79,"column":16}},"line":71},"8":{"name":"(anonymous_8)","decl":{"start":{"line":82,"column":40},"end":{"line":82,"column":47}},"loc":{"start":{"line":82,"column":66},"end":{"line":139,"column":null}},"line":82},"9":{"name":"(anonymous_9)","decl":{"start":{"line":83,"column":35},"end":{"line":83,"column":47}},"loc":{"start":{"line":83,"column":47},"end":{"line":139,"column":16}},"line":83},"10":{"name":"(anonymous_10)","decl":{"start":{"line":95,"column":24},"end":{"line":95,"column":31}},"loc":{"start":{"line":95,"column":42},"end":{"line":135,"column":null}},"line":95},"11":{"name":"(anonymous_11)","decl":{"start":{"line":121,"column":40},"end":{"line":121,"column":44}},"loc":{"start":{"line":121,"column":50},"end":{"line":121,"column":108}},"line":121},"12":{"name":"(anonymous_12)","decl":{"start":{"line":122,"column":41},"end":{"line":122,"column":45}},"loc":{"start":{"line":122,"column":52},"end":{"line":122,"column":126}},"line":122}},"branchMap":{"0":{"loc":{"start":{"line":11,"column":4},"end":{"line":17,"column":null}},"type":"if","locations":[{"start":{"line":11,"column":4},"end":{"line":17,"column":null}},{"start":{},"end":{}}],"line":11},"1":{"loc":{"start":{"line":20,"column":4},"end":{"line":26,"column":null}},"type":"if","locations":[{"start":{"line":20,"column":4},"end":{"line":26,"column":null}},{"start":{},"end":{}}],"line":20},"2":{"loc":{"start":{"line":20,"column":8},"end":{"line":20,"column":42}},"type":"binary-expr","locations":[{"start":{"line":20,"column":8},"end":{"line":20,"column":24}},{"start":{"line":20,"column":24},"end":{"line":20,"column":42}}],"line":20},"3":{"loc":{"start":{"line":29,"column":4},"end":{"line":35,"column":null}},"type":"if","locations":[{"start":{"line":29,"column":4},"end":{"line":35,"column":null}},{"start":{},"end":{}}],"line":29},"4":{"loc":{"start":{"line":85,"column":8},"end":{"line":90,"column":null}},"type":"if","locations":[{"start":{"line":85,"column":8},"end":{"line":90,"column":null}},{"start":{},"end":{}}],"line":85}},"s":{"0":1,"1":2,"2":1,"3":1,"4":0,"5":1,"6":0,"7":1,"8":1,"9":1,"10":0,"11":0,"12":1,"13":0,"14":0,"15":1,"16":0,"17":0,"18":0,"19":1,"20":0,"21":0,"22":0,"23":0,"24":0,"25":0,"26":0,"27":0,"28":0,"29":0,"30":0,"31":0,"32":0,"33":0},"f":{"0":2,"1":1,"2":0,"3":0,"4":0,"5":0,"6":0,"7":0,"8":0,"9":0,"10":0,"11":0,"12":0},"b":{"0":[1,1],"1":[0,1],"2":[1,1],"3":[0,1],"4":[0,0]},"meta":{"lastBranch":5,"lastFunction":13,"lastStatement":34,"seen":{"s:9:31:47:Infinity":0,"f:9:31:9:38":0,"b:11:4:17:Infinity:undefined:undefined:undefined:undefined":0,"s:11:4:17:Infinity":1,"s:12:8:17:Infinity":2,"b:20:4:26:Infinity:undefined:undefined:undefined:undefined":1,"s:20:4:26:Infinity":3,"b:20:8:20:24:20:24:20:42":2,"s:21:8:26:Infinity":4,"b:29:4:35:Infinity:undefined:undefined:undefined:undefined":3,"s:29:4:35:Infinity":5,"s:30:8:35:Infinity":6,"s:38:4:47:Infinity":7,"f:38:35:38:47":1,"s:39:8:46:Infinity":8,"s:50:30:56:Infinity":9,"f:50:30:50:37":2,"s:51:4:56:Infinity":10,"f:51:35:51:47":3,"s:52:8:55:Infinity":11,"s:59:32:67:Infinity":12,"f:59:32:59:39":4,"s:60:4:67:Infinity":13,"f:60:32:60:44":5,"s:61:8:66:Infinity":14,"s:70:32:79:Infinity":15,"f:70:32:70:39":6,"s:71:4:79:Infinity":16,"f:71:32:71:44":7,"s:72:8:76:Infinity":17,"s:78:8:78:Infinity":18,"s:82:40:139:Infinity":19,"f:82:40:82:47":8,"s:83:4:139:Infinity":20,"f:83:35:83:47":9,"s:84:21:84:76":21,"b:85:8:90:Infinity:undefined:undefined:undefined:undefined":4,"s:85:8:90:Infinity":22,"s:85:19:90:Infinity":23,"s:92:24:92:75":24,"s:94:24:135:Infinity":25,"f:95:24:95:31":10,"s:96:67:96:Infinity":26,"s:98:22:98:56":27,"s:100:54:117:18":28,"s:119:35:124:Infinity":29,"f:121:40:121:44":11,"s:121:50:121:108":30,"f:122:41:122:45":12,"s:122:52:122:126":31,"s:127:16:134:Infinity":32,"s:138:8:138:Infinity":33}}}
,"/app/src/services/currency_rates.service.ts": {"path":"/app/src/services/currency_rates.service.ts","statementMap":{"0":{"start":{"line":10,"column":4},"end":{"line":84,"column":null}},"1":{"start":{"line":12,"column":36},"end":{"line":12,"column":null}},"2":{"start":{"line":13,"column":8},"end":{"line":14,"column":null}},"3":{"start":{"line":14,"column":12},"end":{"line":14,"column":null}},"4":{"start":{"line":17,"column":8},"end":{"line":17,"column":null}},"5":{"start":{"line":18,"column":20},"end":{"line":18,"column":107}},"6":{"start":{"line":20,"column":8},"end":{"line":22,"column":null}},"7":{"start":{"line":21,"column":12},"end":{"line":21,"column":null}},"8":{"start":{"line":22,"column":12},"end":{"line":22,"column":null}},"9":{"start":{"line":25,"column":22},"end":{"line":25,"column":null}},"10":{"start":{"line":26,"column":8},"end":{"line":26,"column":null}},"11":{"start":{"line":29,"column":22},"end":{"line":29,"column":32}},"12":{"start":{"line":30,"column":8},"end":{"line":30,"column":null}},"13":{"start":{"line":36,"column":30},"end":{"line":39,"column":null}},"14":{"start":{"line":38,"column":16},"end":{"line":38,"column":67}},"15":{"start":{"line":43,"column":31},"end":{"line":57,"column":null}},"16":{"start":{"line":44,"column":12},"end":{"line":57,"column":14}},"17":{"start":{"line":60,"column":34},"end":{"line":76,"column":null}},"18":{"start":{"line":61,"column":12},"end":{"line":76,"column":14}},"19":{"start":{"line":79,"column":8},"end":{"line":79,"column":null}},"20":{"start":{"line":80,"column":8},"end":{"line":80,"column":null}},"21":{"start":{"line":81,"column":8},"end":{"line":81,"column":null}},"22":{"start":{"line":83,"column":8},"end":{"line":83,"column":null}},"23":{"start":{"line":84,"column":8},"end":{"line":84,"column":null}},"24":{"start":{"line":93,"column":4},"end":{"line":170,"column":null}},"25":{"start":{"line":94,"column":8},"end":{"line":94,"column":null}},"26":{"start":{"line":96,"column":22},"end":{"line":96,"column":32}},"27":{"start":{"line":97,"column":8},"end":{"line":97,"column":null}},"28":{"start":{"line":102,"column":35},"end":{"line":109,"column":10}},"29":{"start":{"line":111,"column":8},"end":{"line":112,"column":null}},"30":{"start":{"line":112,"column":12},"end":{"line":112,"column":null}},"31":{"start":{"line":116,"column":30},"end":{"line":121,"column":10}},"32":{"start":{"line":123,"column":8},"end":{"line":124,"column":null}},"33":{"start":{"line":124,"column":12},"end":{"line":124,"column":null}},"34":{"start":{"line":128,"column":31},"end":{"line":142,"column":null}},"35":{"start":{"line":129,"column":12},"end":{"line":142,"column":14}},"36":{"start":{"line":145,"column":34},"end":{"line":161,"column":null}},"37":{"start":{"line":146,"column":12},"end":{"line":161,"column":14}},"38":{"start":{"line":164,"column":8},"end":{"line":164,"column":null}},"39":{"start":{"line":166,"column":8},"end":{"line":166,"column":null}},"40":{"start":{"line":167,"column":8},"end":{"line":167,"column":null}},"41":{"start":{"line":169,"column":8},"end":{"line":169,"column":null}},"42":{"start":{"line":170,"column":8},"end":{"line":170,"column":null}},"43":{"start":{"line":175,"column":4},"end":{"line":203,"column":null}},"44":{"start":{"line":176,"column":34},"end":{"line":176,"column":67}},"45":{"start":{"line":179,"column":22},"end":{"line":179,"column":32}},"46":{"start":{"line":180,"column":8},"end":{"line":180,"column":null}},"47":{"start":{"line":182,"column":37},"end":{"line":184,"column":10}},"48":{"start":{"line":187,"column":8},"end":{"line":199,"column":null}},"49":{"start":{"line":188,"column":12},"end":{"line":191,"column":null}},"50":{"start":{"line":189,"column":16},"end":{"line":189,"column":null}},"51":{"start":{"line":191,"column":16},"end":{"line":191,"column":null}},"52":{"start":{"line":194,"column":28},"end":{"line":194,"column":60}},"53":{"start":{"line":195,"column":12},"end":{"line":196,"column":null}},"54":{"start":{"line":196,"column":16},"end":{"line":196,"column":null}},"55":{"start":{"line":199,"column":12},"end":{"line":199,"column":null}},"56":{"start":{"line":202,"column":8},"end":{"line":202,"column":null}},"57":{"start":{"line":203,"column":8},"end":{"line":203,"column":null}},"58":{"start":{"line":217,"column":4},"end":{"line":258,"column":null}},"59":{"start":{"line":218,"column":8},"end":{"line":218,"column":null}},"60":{"start":{"line":218,"column":25},"end":{"line":218,"column":null}},"61":{"start":{"line":221,"column":27},"end":{"line":221,"column":41}},"62":{"start":{"line":222,"column":8},"end":{"line":222,"column":null}},"63":{"start":{"line":225,"column":25},"end":{"line":233,"column":10}},"64":{"start":{"line":236,"column":8},"end":{"line":244,"column":null}},"65":{"start":{"line":237,"column":12},"end":{"line":244,"column":null}},"66":{"start":{"line":248,"column":8},"end":{"line":252,"column":null}},"67":{"start":{"line":249,"column":12},"end":{"line":252,"column":null}},"68":{"start":{"line":255,"column":8},"end":{"line":255,"column":null}},"69":{"start":{"line":257,"column":8},"end":{"line":257,"column":null}},"70":{"start":{"line":258,"column":8},"end":{"line":258,"column":null}}},"fnMap":{"0":{"name":"updateCurrencyRates","decl":{"start":{"line":9,"column":22},"end":{"line":9,"column":42}},"loc":{"start":{"line":9,"column":56},"end":{"line":84,"column":null}},"line":9},"1":{"name":"(anonymous_1)","decl":{"start":{"line":37,"column":34},"end":{"line":37,"column":42}},"loc":{"start":{"line":38,"column":16},"end":{"line":38,"column":67}},"line":38},"2":{"name":"(anonymous_2)","decl":{"start":{"line":43,"column":61},"end":{"line":43,"column":66}},"loc":{"start":{"line":44,"column":12},"end":{"line":57,"column":14}},"line":44},"3":{"name":"(anonymous_3)","decl":{"start":{"line":60,"column":64},"end":{"line":60,"column":69}},"loc":{"start":{"line":61,"column":12},"end":{"line":76,"column":14}},"line":61},"4":{"name":"usePreviousDayRates","decl":{"start":{"line":92,"column":15},"end":{"line":92,"column":35}},"loc":{"start":{"line":92,"column":49},"end":{"line":170,"column":null}},"line":92},"5":{"name":"(anonymous_5)","decl":{"start":{"line":128,"column":45},"end":{"line":128,"column":49}},"loc":{"start":{"line":129,"column":12},"end":{"line":142,"column":14}},"line":129},"6":{"name":"(anonymous_6)","decl":{"start":{"line":145,"column":48},"end":{"line":145,"column":52}},"loc":{"start":{"line":146,"column":12},"end":{"line":161,"column":14}},"line":146},"7":{"name":"ensureCurrencyRatesExist","decl":{"start":{"line":174,"column":22},"end":{"line":174,"column":49}},"loc":{"start":{"line":174,"column":49},"end":{"line":203,"column":null}},"line":174},"8":{"name":"getHistoricalExchangeRate","decl":{"start":{"line":212,"column":22},"end":{"line":212,"column":null}},"loc":{"start":{"line":216,"column":19},"end":{"line":258,"column":null}},"line":216}},"branchMap":{"0":{"loc":{"start":{"line":9,"column":42},"end":{"line":9,"column":56}},"type":"default-arg","locations":[{"start":{"line":9,"column":49},"end":{"line":9,"column":56}}],"line":9},"1":{"loc":{"start":{"line":13,"column":8},"end":{"line":14,"column":null}},"type":"if","locations":[{"start":{"line":13,"column":8},"end":{"line":14,"column":null}},{"start":{},"end":{}}],"line":13},"2":{"loc":{"start":{"line":20,"column":8},"end":{"line":22,"column":null}},"type":"if","locations":[{"start":{"line":20,"column":8},"end":{"line":22,"column":null}},{"start":{},"end":{}}],"line":20},"3":{"loc":{"start":{"line":20,"column":12},"end":{"line":20,"column":42}},"type":"binary-expr","locations":[{"start":{"line":20,"column":12},"end":{"line":20,"column":25}},{"start":{"line":20,"column":25},"end":{"line":20,"column":42}}],"line":20},"4":{"loc":{"start":{"line":38,"column":16},"end":{"line":38,"column":67}},"type":"binary-expr","locations":[{"start":{"line":38,"column":16},"end":{"line":38,"column":35}},{"start":{"line":38,"column":35},"end":{"line":38,"column":67}}],"line":38},"5":{"loc":{"start":{"line":92,"column":35},"end":{"line":92,"column":49}},"type":"default-arg","locations":[{"start":{"line":92,"column":42},"end":{"line":92,"column":49}}],"line":92},"6":{"loc":{"start":{"line":111,"column":8},"end":{"line":112,"column":null}},"type":"if","locations":[{"start":{"line":111,"column":8},"end":{"line":112,"column":null}},{"start":{},"end":{}}],"line":111},"7":{"loc":{"start":{"line":123,"column":8},"end":{"line":124,"column":null}},"type":"if","locations":[{"start":{"line":123,"column":8},"end":{"line":124,"column":null}},{"start":{},"end":{}}],"line":123},"8":{"loc":{"start":{"line":187,"column":8},"end":{"line":199,"column":null}},"type":"if","locations":[{"start":{"line":187,"column":8},"end":{"line":199,"column":null}},{"start":{"line":198,"column":15},"end":{"line":199,"column":null}}],"line":187},"9":{"loc":{"start":{"line":187,"column":12},"end":{"line":187,"column":67}},"type":"binary-expr","locations":[{"start":{"line":187,"column":12},"end":{"line":187,"column":39}},{"start":{"line":187,"column":39},"end":{"line":187,"column":67}}],"line":187},"10":{"loc":{"start":{"line":188,"column":12},"end":{"line":191,"column":null}},"type":"if","locations":[{"start":{"line":188,"column":12},"end":{"line":191,"column":null}},{"start":{"line":190,"column":19},"end":{"line":191,"column":null}}],"line":188},"11":{"loc":{"start":{"line":195,"column":12},"end":{"line":196,"column":null}},"type":"if","locations":[{"start":{"line":195,"column":12},"end":{"line":196,"column":null}},{"start":{},"end":{}}],"line":195},"12":{"loc":{"start":{"line":218,"column":8},"end":{"line":218,"column":null}},"type":"if","locations":[{"start":{"line":218,"column":8},"end":{"line":218,"column":null}},{"start":{},"end":{}}],"line":218},"13":{"loc":{"start":{"line":236,"column":8},"end":{"line":244,"column":null}},"type":"if","locations":[{"start":{"line":236,"column":8},"end":{"line":244,"column":null}},{"start":{},"end":{}}],"line":236},"14":{"loc":{"start":{"line":248,"column":8},"end":{"line":252,"column":null}},"type":"if","locations":[{"start":{"line":248,"column":8},"end":{"line":252,"column":null}},{"start":{},"end":{}}],"line":248},"15":{"loc":{"start":{"line":255,"column":15},"end":{"line":255,"column":97}},"type":"cond-expr","locations":[{"start":{"line":255,"column":53},"end":{"line":255,"column":71}},{"start":{"line":255,"column":71},"end":{"line":255,"column":97}}],"line":255}},"s":{"0":0,"1":0,"2":0,"3":0,"4":0,"5":0,"6":0,"7":0,"8":0,"9":0,"10":0,"11":0,"12":0,"13":0,"14":0,"15":0,"16":0,"17":0,"18":0,"19":0,"20":0,"21":0,"22":0,"23":0,"24":0,"25":0,"26":0,"27":0,"28":0,"29":0,"30":0,"31":0,"32":0,"33":0,"34":0,"35":0,"36":0,"37":0,"38":0,"39":0,"40":0,"41":0,"42":0,"43":0,"44":0,"45":0,"46":0,"47":0,"48":0,"49":0,"50":0,"51":0,"52":0,"53":0,"54":0,"55":0,"56":0,"57":0,"58":0,"59":0,"60":0,"61":0,"62":0,"63":0,"64":0,"65":0,"66":0,"67":0,"68":0,"69":0,"70":0},"f":{"0":0,"1":0,"2":0,"3":0,"4":0,"5":0,"6":0,"7":0,"8":0},"b":{"0":[0],"1":[0,0],"2":[0,0],"3":[0,0],"4":[0,0],"5":[0],"6":[0,0],"7":[0,0],"8":[0,0],"9":[0,0],"10":[0,0],"11":[0,0],"12":[0,0],"13":[0,0],"14":[0,0],"15":[0,0]},"meta":{"lastBranch":16,"lastFunction":9,"lastStatement":71,"seen":{"f:9:22:9:42":0,"b:9:49:9:56":0,"s:10:4:84:Infinity":0,"s:12:36:12:Infinity":1,"b:13:8:14:Infinity:undefined:undefined:undefined:undefined":1,"s:13:8:14:Infinity":2,"s:14:12:14:Infinity":3,"s:17:8:17:Infinity":4,"s:18:20:18:107":5,"b:20:8:22:Infinity:undefined:undefined:undefined:undefined":2,"s:20:8:22:Infinity":6,"b:20:12:20:25:20:25:20:42":3,"s:21:12:21:Infinity":7,"s:22:12:22:Infinity":8,"s:25:22:25:Infinity":9,"s:26:8:26:Infinity":10,"s:29:22:29:32":11,"s:30:8:30:Infinity":12,"s:36:30:39:Infinity":13,"f:37:34:37:42":1,"s:38:16:38:67":14,"b:38:16:38:35:38:35:38:67":4,"s:43:31:57:Infinity":15,"f:43:61:43:66":2,"s:44:12:57:14":16,"s:60:34:76:Infinity":17
[...]
:100:70:100:70:100:Infinity":9,"b:101:51:101:78:101:78:101:Infinity":10,"b:104:4:105:Infinity:undefined:undefined:undefined:undefined":11,"s:104:4:105:Infinity":38,"s:105:8:105:Infinity":39,"b:105:53:105:59:105:59:105:62":12,"b:105:105:105:111:105:111:105:Infinity":13,"s:108:4:108:Infinity":40,"b:108:54:108:60:108:60:108:63":14,"b:108:100:108:106:108:106:108:Infinity":15,"s:111:57:119:Infinity":41,"f:121:16:121:32":5,"b:122:4:122:Infinity:undefined:undefined:undefined:undefined":16,"s:122:4:122:Infinity":42,"s:122:26:122:Infinity":43,"s:124:17:124:19":44,"s:125:4:127:Infinity":45,"s:125:17:125:20":46,"s:126:20:126:65":47,"s:127:8:127:Infinity":48,"s:129:19:129:Infinity":49,"f:129:24:129:32":6,"s:129:41:129:48":50,"b:131:4:131:Infinity:undefined:undefined:undefined:undefined":17,"s:131:4:131:Infinity":51,"s:131:45:131:Infinity":52,"b:132:4:132:Infinity:undefined:undefined:undefined:undefined":18,"s:132:4:132:Infinity":53,"s:132:46:132:Infinity":54,"b:133:4:133:Infinity:undefined:undefined:undefined:undefined":19,"s:133:4:133:Infinity":55,"s:133:47:133:Infinity":56,"b:134:4:134:Infinity:undefined:undefined:undefined:undefined":20,"s:134:4:134:Infinity":57,"s:134:49:134:Infinity":58,"b:135:4:135:Infinity:undefined:undefined:undefined:undefined":21,"s:135:4:135:Infinity":59,"s:135:51:135:Infinity":60,"b:136:4:136:Infinity:undefined:undefined:undefined:undefined":22,"s:136:4:136:Infinity":61,"s:136:46:136:Infinity":62,"s:137:4:137:Infinity":63,"f:146:16:146:31":7,"b:146:74:146:84":23,"s:147:16:147:39":64,"b:152:8:152:Infinity:153:8:158:Infinity:159:8:170:Infinity:172:8:180:Infinity:182:8:191:Infinity:193:8:202:Infinity:204:8:212:Infinity:213:8:214:Infinity":24,"s:151:4:214:Infinity":65,"s:154:12:154:Infinity":66,"s:155:12:155:Infinity":67,"s:156:12:156:Infinity":68,"s:157:12:157:Infinity":69,"s:158:12:158:Infinity":70,"s:161:12:161:Infinity":71,"s:162:30:162:44":72,"s:163:33:163:Infinity":73,"b:163:51:163:55:163:55:163:Infinity":25,"s:164:12:164:Infinity":74,"s:165:12:165:Infinity":75,"s:168:12:168:Infinity":76,"s:169:12:169:Infinity":77,"s:170:12:170:Infinity":78,"s:174:12:174:Infinity":79,"s:175:12:175:Infinity":80,"s:178:12:178:Infinity":81,"s:179:12:179:Infinity":82,"s:180:12:180:Infinity":83,"s:184:35:184:65":84,"s:185:12:185:Infinity":85,"s:186:12:186:Infinity":86,"s:189:12:189:Infinity":87,"s:190:12:190:Infinity":88,"s:191:12:191:Infinity":89,"s:195:29:195:Infinity":90,"b:195:50:195:54:195:54:195:Infinity":26,"s:196:12:196:Infinity":91,"s:197:12:197:Infinity":92,"s:200:12:200:Infinity":93,"s:201:12:201:Infinity":94,"s:202:12:202:Infinity":95,"s:206:12:206:Infinity":96,"s:207:12:207:Infinity":97,"s:210:12:210:Infinity":98,"s:211:12:211:Infinity":99,"s:212:12:212:Infinity":100,"s:214:12:214:Infinity":101,"s:217:4:220:Infinity":102,"f:223:16:223:42":8,"b:225:8:225:Infinity:226:8:226:Infinity:227:8:227:Infinity:228:8:228:Infinity:229:8:229:Infinity:230:8:230:Infinity:231:8:231:Infinity":27,"s:224:4:231:Infinity":103,"s:225:22:225:Infinity":104,"s:226:23:226:Infinity":105,"s:227:24:227:Infinity":106,"s:228:26:228:Infinity":107,"s:229:28:229:Infinity":108,"s:230:23:230:Infinity":109,"s:231:17:231:Infinity":110}}}
,"/app/src/utils/prisma_errors.ts": {"path":"/app/src/utils/prisma_errors.ts","statementMap":{"0":{"start":{"line":17,"column":8},"end":{"line":17,"column":null}},"1":{"start":{"line":18,"column":8},"end":{"line":18,"column":null}},"2":{"start":{"line":19,"column":8},"end":{"line":19,"column":null}},"3":{"start":{"line":20,"column":8},"end":{"line":20,"column":null}},"4":{"start":{"line":21,"column":8},"end":{"line":21,"column":null}},"5":{"start":{"line":24,"column":8},"end":{"line":25,"column":null}},"6":{"start":{"line":25,"column":12},"end":{"line":25,"column":null}},"7":{"start":{"line":35,"column":8},"end":{"line":40,"column":null}},"8":{"start":{"line":41,"column":8},"end":{"line":41,"column":null}},"9":{"start":{"line":64,"column":8},"end":{"line":64,"column":null}},"10":{"start":{"line":65,"column":8},"end":{"line":65,"column":null}},"11":{"start":{"line":66,"column":8},"end":{"line":66,"column":null}},"12":{"start":{"line":67,"column":8},"end":{"line":67,"column":null}},"13":{"start":{"line":68,"column":8},"end":{"line":68,"column":null}},"14":{"start":{"line":77,"column":8},"end":{"line":82,"column":null}},"15":{"start":{"line":83,"column":8},"end":{"line":83,"column":null}},"16":{"start":{"line":92,"column":8},"end":{"line":92,"column":null}},"17":{"start":{"line":93,"column":8},"end":{"line":93,"column":null}},"18":{"start":{"line":101,"column":4},"end":{"line":101,"column":null}},"19":{"start":{"line":113,"column":4},"end":{"line":143,"column":null}},"20":{"start":{"line":114,"column":8},"end":{"line":143,"column":null}},"21":{"start":{"line":116,"column":16},"end":{"line":116,"column":null}},"22":{"start":{"line":118,"column":16},"end":{"line":122,"column":null}},"23":{"start":{"line":124,"column":16},"end":{"line":128,"column":null}},"24":{"start":{"line":130,"column":16},"end":{"line":134,"column":null}},"25":{"start":{"line":136,"column":16},"end":{"line":140,"column":null}},"26":{"start":{"line":143,"column":16},"end":{"line":143,"column":null}},"27":{"start":{"line":146,"column":4},"end":{"line":146,"column":null}},"28":{"start":{"line":154,"column":4},"end":{"line":155,"column":null}},"29":{"start":{"line":155,"column":8},"end":{"line":155,"column":null}},"30":{"start":{"line":157,"column":4},"end":{"line":157,"column":null}},"31":{"start":{"line":168,"column":4},"end":{"line":172,"column":null}},"32":{"start":{"line":169,"column":23},"end":{"line":169,"column":34}},"33":{"start":{"line":170,"column":8},"end":{"line":170,"column":null}},"34":{"start":{"line":172,"column":8},"end":{"line":172,"column":null}},"35":{"start":{"line":184,"column":4},"end":{"line":188,"column":null}},"36":{"start":{"line":185,"column":23},"end":{"line":185,"column":34}},"37":{"start":{"line":186,"column":8},"end":{"line":186,"column":null}},"38":{"start":{"line":188,"column":8},"end":{"line":188,"column":null}},"39":{"start":{"line":196,"column":4},"end":{"line":196,"column":null}},"40":{"start":{"line":203,"column":4},"end":{"line":204,"column":null}},"41":{"start":{"line":204,"column":8},"end":{"line":204,"column":null}},"42":{"start":{"line":206,"column":4},"end":{"line":206,"column":null}},"43":{"start":{"line":214,"column":19},"end":{"line":214,"column":40}},"44":{"start":{"line":215,"column":23},"end":{"line":215,"column":null}},"45":{"start":{"line":218,"column":20},"end":{"line":220,"column":null}},"46":{"start":{"line":222,"column":4},"end":{"line":231,"column":null}},"47":{"start":{"line":242,"column":4},"end":{"line":248,"column":null}},"48":{"start":{"line":243,"column":8},"end":{"line":243,"column":null}},"49":{"start":{"line":245,"column":8},"end":{"line":246,"column":null}},"50":{"start":{"line":246,"column":12},"end":{"line":246,"column":null}},"51":{"start":{"line":248,"column":8},"end":{"line":248,"column":null}}},"fnMap":{"0":{"name":"(anonymous_0)","decl":{"start":{"line":11,"column":4},"end":{"line":11,"column":null}},"loc":{"start":{"line":16,"column":6},"end":{"line":25,"column":null}},"line":16},"1":{"name":"(anonymous_1)","decl":{"start":{"line":34,"column":4},"end":{"line":34,"column":16}},"loc":{"start":{"line":34,"column":49},"end":{"line":41,"column":null}},"line":34},"2":{"name":"(anonymous_2)","decl":{"start":{"line":54,"column":4},"end":{"line":54,"column":null}},"loc":{"start":{"line":63,"column":6},"end":{"line":68,"column":null}},"line":63},"3":{"name":"(anonymous_3)","decl":{"start":{"line":76,"column":4},"end":{"line":76,"column":16}},"loc":{"start":{"line":76,"column":49},"end":{"line":83,"column":null}},"line":76},"4":{"name":"(anonymous_4)","decl":{"start":{"line":91,"column":4},"end":{"line":91,"column":16}},"loc":{"start":{"line":91,"column":66},"end":{"line":93,"column":null}},"line":91},"5":{"name":"isPrismaError","decl":{"start":{"line":100,"column":16},"end":{"line":100,"column":30}},"loc":{"start":{"line":100,"column":93},"end":{"line":101,"column":null}},"line":100},"6":{"name":"handlePrismaError","decl":{"start":{"line":112,"column":16},"end":{"line":112,"column":34}},"loc":{"start":{"line":112,"column":79},"end":{"line":146,"column":null}},"line":112},"7":{"name":"handleNotFoundError","decl":{"start":{"line":153,"column":16},"end":{"line":153,"column":36}},"loc":{"start":{"line":153,"column":81},"end":{"line":157,"column":null}},"line":153},"8":{"name":"withNotFoundHandling","decl":{"start":{"line":164,"column":22},"end":{"line":164,"column":null}},"loc":{"start":{"line":167,"column":14},"end":{"line":172,"column":null}},"line":167},"9":{"name":"withPrismaErrorHandling","decl":{"start":{"line":180,"column":22},"end":{"line":180,"column":null}},"loc":{"start":{"line":183,"column":14},"end":{"line":188,"column":null}},"line":183},"10":{"name":"isDomainError","decl":{"start":{"line":195,"column":16},"end":{"line":195,"column":30}},"loc":{"start":{"line":195,"column":68},"end":{"line":196,"column":null}},"line":195},"11":{"name":"getHttpStatusCode","decl":{"start":{"line":202,"column":16},"end":{"line":202,"column":34}},"loc":{"start":{"line":202,"column":58},"end":{"line":206,"column":null}},"line":202},"12":{"name":"fromZodError","decl":{"start":{"line":213,"column":16},"end":{"line":213,"column":29}},"loc":{"start":{"line":213,"column":79},"end":{"line":231,"column":null}},"line":213},"13":{"name":"validateWithZod","decl":{"start":{"line":237,"column":16},"end":{"line":237,"column":null}},"loc":{"start":{"line":241,"column":5},"end":{"line":248,"column":null}},"line":241}},"branchMap":{"0":{"loc":{"start":{"line":24,"column":8},"end":{"line":25,"column":null}},"type":"if","locations":[{"start":{"line":24,"column":8},"end":{"line":25,"column":null}},{"start":{},"end":{}}],"line":24},"1":{"loc":{"start":{"line":67,"column":30},"end":{"line":67,"column":null}},"type":"binary-expr","locations":[{"start":{"line":67,"column":30},"end":{"line":67,"column":57}},{"start":{"line":67,"column":57},"end":{"line":67,"column":null}}],"line":67},"2":{"loc":{"start":{"line":113,"column":4},"end":{"line":143,"column":null}},"type":"if","locations":[{"start":{"line":113,"column":4},"end":{"line":143,"column":null}},{"start":{},"end":{}}],"line":113},"3":{"loc":{"start":{"line":114,"column":8},"end":{"line":143,"column":null}},"type":"switch","locations":[{"start":{"line":115,"column":12},"end":{"line":116,"column":null}},{"start":{"line":117,"column":12},"end":{"line":122,"column":null}},{"start":{"line":123,"column":12},"end":{"line":128,"column":null}},{"start":{"line":129,"column":12},"end":{"line":134,"column":null}},{"start":{"line":135,"column":12},"end":{"line":140,"column":null}},{"start":{"line":141,"column":12},"end":{"line":143,"column":null}}],"line":114},"4":{"loc":{"start":{"line":154,"column":4},"end":{"line":155,"column":null}},"type":"if","locations":[{"start":{"line":154,"column":4},"end":{"line":155,"column":null}},{"start":{},"end":{}}],"line":154},"5":{"loc":{"start":{"line":154,"column":8},"end":{"line":154,"column":56}},"type":"binary-expr","locations":[{"start":{"line":154,"column":8},"end":{"line":154,"column":28}},{"start":{"line":154,"column":32},"end":{"line":154,"column":56}}],"line":154},"6":{"loc":{"start":{"line":203,"column":4},"end":{"line":204,"column":null}},"type":"if","locations":[{"start":{"line":203,"column":4},"end":{"line":204,"column":null}},{"start":{},"end":{}}],"line":203},"7":{"loc":{"start":{"line":214,"column":19},"end":{"line":214,"column":40}},"type":"binary-expr","locations":[{"start":{"line":214,"column":19},"end":{"line":214,"column":38}},{"start":{"line":214,"column":38},"end":{"line":214,"column":40}}],"line":214},"8":{"loc":{"start":{"line":218,"column":20},"end":{"line":220,"column":null}},"type":"cond-expr","locations":[{"start":{"line":219,"column":10},"end":{"line":219,"column":76}},{"start":{"line":220,"column":10},"end":{"line":220,"column":null}}],"line":218},"9":{"loc":{"start":{"line":245,"column":8},"end":{"line":246,"column":null}},"type":"if","locations":[{"start":{"line":245,"column":8},"end":{"line":246,"column":null}},{"start":{},"end":{}}],"line":245}},"s":{"0":1,"1":1,"2":1,"3":1,"4":1,"5":1,"6":1,"7":0,"8":0,"9":1,"10":1,"11":1,"12":1,"13":1,"14":0,"15":0,"16":0,"17":0,"18":0,"19":0,"20":0,"21":0,"22":0,"23":0,"24":0,"25":0,"26":0,"27":0,"28":0,"29":0,"30":0,"31":0,"32":0,"33":0,"34":0,"35":2,"36":2,"37":2,"38":0,"39":0,"40":0,"41":0,"42":0,"43":0,"44":0,"45":0,"46":0,"47":0,"48":0,"49":0,"50":0,"51":0},"f":{"0":1,"1":0,"2":1,"3":0,"4":0,"5":0,"6":0,"7":0,"8":0,"9":2,"10":0,"11":0,"12":0,"13":0},"b":{"0":[1,0],"1":[1,0],"2":[0,0],"3":[0,0,0,0,0,0],"4":[0,0],"5":[0,0],"6":[0,0],"7":[0,0],"8":[0,0],"9":[0,0]},"meta":{"lastBranch":10,"lastFunction":14,"lastStatement":52,"seen":{"f:11:4:11:Infinity":0,"s:17:8:17:Infinity":0,"s:18:8:18:Infinity":1,"s:19:8:19:Infinity":2,"s:20:8:20:Infinity":3,"s:21:8:21:Infinity":4,"b:24:8:25:Infinity:undefined:undefined:undefined:undefined":0,"s:24:8:25:Infinity":5,"s:25:12:25:Infinity":6,"f:34:4:34:16":1,"s:35:8:40:Infinity":7,"s:41:8:41:Infinity":8,"f:54:4:54:Infinity":2,"s:64:8:64:Infinity":9,"s:65:8:65:Infinity":10,"s:66:8:66:Infinity":11,"s:67:8:67:Infinity":12,"b:67:30:67:57:67:57:67:Infinity":1,"s:68:8:68:Infinity":13,"f:76:4:76:16":3,"s:77:8:82:Infinity":14,"s:83:8:83:Infinity":15,"f:91:4:91:16":4,"s:92:8:92:Infinity":16,"s:93:8:93:Infinity":17,"f:100:16:100:30":5,"s:101:4:101:Infinity":18,"f:112:16:112:34":6,"b:113:4:143:Infinity:undefined:undefined:undefined:undefined":2,"s:113:4:143:Infinity":19,"b:115:12:116:Infinity:117:12:122:Infinity:123:12:128:Infinity:129:12:134:Infinity:135:12:140:Infinity:141:12:143:Infinity":3,"s:114:8:143:Infinity":20,"s:116:16:116:Infinity":21,"s:118:16:122:Infinity":22,"s:124:16:128:Infinity":23,"s:130:16:134:Infinity":24,"s:136:16:140:Infinity":25,"s:143:16:143:Infinity":26,"s:146:4:146:Infinity":27,"f:153:16:153:36":7,"b:154:4:155:Infinity:undefined:undefined:undefined:undefined":4,"s:154:4:155:Infinity":28,"b:154:8:154:28:154:32:154:56":5,"s:155:8:155:Infinity":29,"s:157:4:157:Infinity":30,"f:164:22:164:Infinity":8,"s:168:4:172:Infinity":31,"s:169:23:169:34":32,"s:170:8:170:Infinity":33,"s:172:8:172:Infinity":34,"f:180:22:180:Infinity":9,"s:184:4:188:Infinity":35,"s:185:23:185:34":36,"s:186:8:186:Infinity":37,"s:188:8:188:Infinity":38,"f:195:16:195:30":10,"s:196:4:196:Infinity":39,"f:202:16:202:34":11,"b:203:4:204:Infinity:undefined:undefined:undefined:undefined":6,"s:203:4:204:Infinity":40,"s:204:8:204:Infinity":41,"s:206:4:206:Infinity":42,"f:213:16:213:29":12,"s:214:19:214:40":43,"b:214:19:214:38:214:38:214:40":7,"s:215:23:215:Infinity":44,"s:218:20:220:Infinity":45,"b:219:10:219:76:220:10:220:Infinity":8,"s:222:4:231:Infinity":46,"f:237:16:237:Infinity":13,"s:242:4:248:Infinity":47,"s:243:8:243:Infinity":48,"b:245:8:246:Infinity:undefined:undefined:undefined:undefined":9,"s:245:8:246:Infinity":49,"s:246:12:246:Infinity":50,"s:248:8:248:Infinity":51}}}
,"/app/src/utils/utils.ts": {"path":"/app/src/utils/utils.ts","statementMap":{"0":{"start":{"line":4,"column":4},"end":{"line":9,"column":null}},"1":{"start":{"line":5,"column":20},"end":{"line":5,"column":31}},"2":{"start":{"line":6,"column":8},"end":{"line":6,"column":null}},"3":{"start":{"line":6,"column":23},"end":{"line":6,"column":null}},"4":{"start":{"line":7,"column":8},"end":{"line":7,"column":null}},"5":{"start":{"line":8,"column":8},"end":{"line":8,"column":null}},"6":{"start":{"line":16,"column":4},"end":{"line":16,"column":null}},"7":{"start":{"line":24,"column":4},"end":{"line":24,"column":null}},"8":{"start":{"line":31,"column":4},"end":{"line":31,"column":null}},"9":{"start":{"line":38,"column":4},"end":{"line":38,"column":null}},"10":{"start":{"line":45,"column":4},"end":{"line":45,"column":null}},"11":{"start":{"line":52,"column":4},"end":{"line":52,"column":null}},"12":{"start":{"line":60,"column":21},"end":{"line":60,"column":33}},"13":{"start":{"line":61,"column":21},"end":{"line":61,"column":33}},"14":{"start":{"line":62,"column":4},"end":{"line":62,"column":null}}},"fnMap":{"0":{"name":"groupBy","decl":{"start":{"line":3,"column":16},"end":{"line":3,"column":27}},"loc":{"start":{"line":3,"column":88},"end":{"line":9,"column":null}},"line":3},"1":{"name":"(anonymous_1)","decl":{"start":{"line":4,"column":17},"end":{"line":4,"column":25}},"loc":{"start":{"line":4,"column":39},"end":{"line":9,"column":9}},"line":4},"2":{"name":"toDecimal","decl":{"start":{"line":15,"column":16},"end":{"line":15,"column":26}},"loc":{"start":{"line":15,"column":74},"end":{"line":16,"column":null}},"line":15},"3":{"name":"toNumberSafe","decl":{"start":{"line":23,"column":16},"end":{"line":23,"column":29}},"loc":{"start":{"line":23,"column":69},"end":{"line":24,"column":null}},"line":23},"4":{"name":"addDecimal","decl":{"start":{"line":30,"column":16},"end":{"line":30,"column":27}},"loc":{"start":{"line":30,"column":99},"end":{"line":31,"column":null}},"line":30},"5":{"name":"subtractDecimal","decl":{"start":{"line":37,"column":16},"end":{"line":37,"column":32}},"loc":{"start":{"line":37,"column":104},"end":{"line":38,"column":null}},"line":37},"6":{"name":"multiplyDecimal","decl":{"start":{"line":44,"column":16},"end":{"line":44,"column":32}},"loc":{"start":{"line":44,"column":104},"end":{"line":45,"column":null}},"line":44},"7":{"name":"divideDecimal","decl":{"start":{"line":51,"column":16},"end":{"line":51,"column":30}},"loc":{"start":{"line":51,"column":102},"end":{"line":52,"column":null}},"line":51},"8":{"name":"compareDecimal","decl":{"start":{"line":59,"column":16},"end":{"line":59,"column":31}},"loc":{"start":{"line":59,"column":95},"end":{"line":62,"column":null}},"line":59}},"branchMap":{"0":{"loc":{"start":{"line":6,"column":8},"end":{"line":6,"column":null}},"type":"if","locations":[{"start":{"line":6,"column":8},"end":{"line":6,"column":null}},{"start":{},"end":{}}],"line":6},"1":{"loc":{"start":{"line":16,"column":11},"end":{"line":16,"column":null}},"type":"cond-expr","locations":[{"start":{"line":16,"column":39},"end":{"line":16,"column":64}},{"start":{"line":16,"column":67},"end":{"line":16,"column":null}}],"line":16},"2":{"loc":{"start":{"line":24,"column":11},"end":{"line":24,"column":63}},"type":"cond-expr","locations":[{"start":{"line":24,"column":39},"end":{"line":24,"column":47}},{"start":{"line":24,"column":47},"end":{"line":24,"column":63}}],"line":24}},"s":{"0":0,"1":0,"2":0,"3":0,"4":0,"5":0,"6":0,"7":6,"8":0,"9":0,"10":0,"11":0,"12":0,"13":0,"14":0},"f":{"0":0,"1":0,"2":0,"3":6,"4":0,"5":0,"6":0,"7":0,"8":0},"b":{"0":[0,0],"1":[0,0],"2":[6,0]},"meta":{"lastBranch":3,"lastFunction":9,"lastStatement":15,"seen":{"f:3:16:3:27":0,"s:4:4:9:Infinity":0,"f:4:17:4:25":1,"s:5:20:5:31":1,"b:6:8:6:Infinity:undefined:undefined:undefined:undefined":0,"s:6:8:6:Infinity":2,"s:6:23:6:Infinity":3,"s:7:8:7:Infinity":4,"s:8:8:8:Infinity":5,"f:15:16:15:26":2,"s:16:4:16:Infinity":6,"b:16:39:16:64:16:67:16:Infinity":1,"f:23:16:23:29":3,"s:24:4:24:Infinity":7,"b:24:39:24:47:24:47:24:63":2,"f:30:16:30:27":4,"s:31:4:31:Infinity":8,"f:37:16:37:32":5,"s:38:4:38:Infinity":9,"f:44:16:44:32":6,"s:45:4:45:Infinity":10,"f:51:16:51:30":7,"s:52:4:52:Infinity":11,"f:59:16:59:31":8,"s:60:21:60:33":12,"s:61:21:61:33":13,"s:62:4:62:Infinity":14}}}
,"/app/src/validations/ai.schema.ts": {"path":"/app/src/validations/ai.schema.ts","statementMap":{"0":{"start":{"line":3,"column":33},"end":{"line":7,"column":2}},"1":{"start":{"line":9,"column":40},"end":{"line":13,"column":2}},"2":{"start":{"line":15,"column":36},"end":{"line":28,"column":2}},"3":{"start":{"line":30,"column":34},"end":{"line":38,"column":2}},"4":{"start":{"line":40,"column":39},"end":{"line":45,"column":2}}},"fnMap":{},"branchMap":{},"s":{"0":1,"1":1,"2":1,"3":1,"4":1},"f":{},"b":{},"meta":{"lastBranch":0,"lastFunction":0,"lastStatement":5,"seen":{"s:3:33:7:2":0,"s:9:40:13:2":1,"s:15:36:28:2":2,"s:30:34:38:2":3,"s:40:39:45:2":4}}}
}
